This file contains any messages produced by compilers while
running configure, to aid debugging if configure makes a mistake.

It was created by ROMIO configure Open MPI, which was
generated by GNU Autoconf 2.69.  Invocation command line was

  $ ./configure FROM_OMPI=yes CC=gcc CFLAGS=-O3 -DNDEBUG -finline-functions -fno-strict-aliasing -mcx16 -pthread -D__EXTENSIONS__ CPPFLAGS=    -I/usr/local/include -I/usr/local/include FFLAGS= LDFLAGS=    --enable-shared --disable-static --prefix=/home/isislab/opt/openmpi --disable-aio --disable-weak-symbols --enable-strict --disable-f77 --disable-f90 --cache-file=/dev/null --srcdir=. --disable-option-checking

## --------- ##
## Platform. ##
## --------- ##

hostname = furore
uname -m = x86_64
uname -r = 5.4.0-107-generic
uname -s = Linux
uname -v = #121-Ubuntu SMP Thu Mar 24 16:04:27 UTC 2022

/usr/bin/uname -p = x86_64
/bin/uname -X     = unknown

/bin/arch              = x86_64
/usr/bin/arch -k       = unknown
/usr/convex/getsysinfo = unknown
/usr/bin/hostinfo      = unknown
/bin/machine           = unknown
/usr/bin/oslevel       = unknown
/bin/universe          = unknown

PATH: /usr/local/cuda-11.4/bin
PATH: /home/isislab/.vscode-server/bin/74b1f979648cc44d385a2286793c226e611f59e7/bin/remote-cli
PATH: /home/isislab/.local/bin
PATH: /usr/local/cuda-11.4/bin
PATH: /usr/local/sbin
PATH: /usr/local/bin
PATH: /usr/sbin
PATH: /usr/bin
PATH: /sbin
PATH: /bin
PATH: /usr/games
PATH: /usr/local/games
PATH: /snap/bin
PATH: /opt/jdk-18/bin
PATH: /home/isislab/opt/openmpi/bin
PATH: /home/isislab/opt/openmpi/bin


## ----------- ##
## Core tests. ##
## ----------- ##

configure:3000: checking for a BSD-compatible install
configure:3068: result: /usr/bin/install -c
configure:3079: checking whether build environment is sane
configure:3134: result: yes
configure:3283: checking for a thread-safe mkdir -p
configure:3322: result: /usr/bin/mkdir -p
configure:3329: checking for gawk
configure:3345: found /usr/bin/gawk
configure:3356: result: gawk
configure:3367: checking whether make sets $(MAKE)
configure:3389: result: yes
configure:3418: checking whether make supports nested variables
configure:3435: result: yes
configure:3562: checking whether to enable maintainer-specific portions of Makefiles
configure:3571: result: yes
configure:3597: checking for style of include used by make
configure:3625: result: GNU
configure:3769: checking for C compiler version
configure:3778: gcc --version >&5
gcc (Ubuntu 9.4.0-1ubuntu1~20.04.1) 9.4.0
Copyright (C) 2019 Free Software Foundation, Inc.
This is free software; see the source for copying conditions.  There is NO
warranty; not even for MERCHANTABILITY or FITNESS FOR A PARTICULAR PURPOSE.

configure:3789: $? = 0
configure:3778: gcc -v >&5
Using built-in specs.
COLLECT_GCC=gcc
COLLECT_LTO_WRAPPER=/usr/lib/gcc/x86_64-linux-gnu/9/lto-wrapper
OFFLOAD_TARGET_NAMES=nvptx-none:hsa
OFFLOAD_TARGET_DEFAULT=1
Target: x86_64-linux-gnu
Configured with: ../src/configure -v --with-pkgversion='Ubuntu 9.4.0-1ubuntu1~20.04.1' --with-bugurl=file:///usr/share/doc/gcc-9/README.Bugs --enable-languages=c,ada,c++,go,brig,d,fortran,objc,obj-c++,gm2 --prefix=/usr --with-gcc-major-version-only --program-suffix=-9 --program-prefix=x86_64-linux-gnu- --enable-shared --enable-linker-build-id --libexecdir=/usr/lib --without-included-gettext --enable-threads=posix --libdir=/usr/lib --enable-nls --enable-clocale=gnu --enable-libstdcxx-debug --enable-libstdcxx-time=yes --with-default-libstdcxx-abi=new --enable-gnu-unique-object --disable-vtable-verify --enable-plugin --enable-default-pie --with-system-zlib --with-target-system-zlib=auto --enable-objc-gc=auto --enable-multiarch --disable-werror --with-arch-32=i686 --with-abi=m64 --with-multilib-list=m32,m64,mx32 --enable-multilib --with-tune=generic --enable-offload-targets=nvptx-none=/build/gcc-9-Av3uEd/gcc-9-9.4.0/debian/tmp-nvptx/usr,hsa --without-cuda-driver --enable-checking=release --build=x86_64-linux-gnu --host=x86_64-linux-gnu --target=x86_64-linux-gnu
Thread model: posix
gcc version 9.4.0 (Ubuntu 9.4.0-1ubuntu1~20.04.1) 
configure:3789: $? = 0
configure:3778: gcc -V >&5
gcc: error: unrecognized command line option '-V'
gcc: fatal error: no input files
compilation terminated.
configure:3789: $? = 1
configure:3778: gcc -qversion >&5
gcc: error: unrecognized command line option '-qversion'; did you mean '--version'?
gcc: fatal error: no input files
compilation terminated.
configure:3789: $? = 1
configure:3809: checking whether the C compiler works
configure:3831: gcc -O3 -DNDEBUG -finline-functions -fno-strict-aliasing -mcx16 -pthread -D__EXTENSIONS__     -I/usr/local/include -I/usr/local/include     conftest.c  >&5
configure:3835: $? = 0
configure:3883: result: yes
configure:3886: checking for C compiler default output file name
configure:3888: result: a.out
configure:3894: checking for suffix of executables
configure:3901: gcc -o conftest -O3 -DNDEBUG -finline-functions -fno-strict-aliasing -mcx16 -pthread -D__EXTENSIONS__     -I/usr/local/include -I/usr/local/include     conftest.c  >&5
configure:3905: $? = 0
configure:3927: result: 
configure:3949: checking whether we are cross compiling
configure:3957: gcc -o conftest -O3 -DNDEBUG -finline-functions -fno-strict-aliasing -mcx16 -pthread -D__EXTENSIONS__     -I/usr/local/include -I/usr/local/include     conftest.c  >&5
configure:3961: $? = 0
configure:3968: ./conftest
configure:3972: $? = 0
configure:3960: result: no
configure:3965: checking for suffix of object files
configure:3987: gcc -c -O3 -DNDEBUG -finline-functions -fno-strict-aliasing -mcx16 -pthread -D__EXTENSIONS__     -I/usr/local/include -I/usr/local/include conftest.c >&5
configure:3991: $? = 0
configure:4012: result: o
configure:4016: checking whether we are using the GNU C compiler
configure:4035: gcc -c -O3 -DNDEBUG -finline-functions -fno-strict-aliasing -mcx16 -pthread -D__EXTENSIONS__     -I/usr/local/include -I/usr/local/include conftest.c >&5
configure:4035: $? = 0
configure:4044: result: yes
configure:4053: checking whether gcc accepts -g
configure:4073: gcc -c -g     -I/usr/local/include -I/usr/local/include conftest.c >&5
configure:4073: $? = 0
configure:4114: result: yes
configure:4131: checking for gcc option to accept ISO C89
configure:4194: gcc  -c -O3 -DNDEBUG -finline-functions -fno-strict-aliasing -mcx16 -pthread -D__EXTENSIONS__     -I/usr/local/include -I/usr/local/include conftest.c >&5
configure:4194: $? = 0
configure:4207: result: none needed
configure:4232: checking whether gcc understands -c and -o together
configure:4254: gcc -c conftest.c -o conftest2.o
configure:4257: $? = 0
configure:4254: gcc -c conftest.c -o conftest2.o
configure:4257: $? = 0
configure:4269: result: yes
configure:4288: checking dependency style of gcc
configure:4399: result: gcc3
configure:4472: checking for ar
configure:4488: found /usr/bin/ar
configure:4499: result: ar
configure:4525: checking the archiver (ar) interface
configure:4541: gcc -c -O3 -DNDEBUG -finline-functions -fno-strict-aliasing -mcx16 -pthread -D__EXTENSIONS__     -I/usr/local/include -I/usr/local/include conftest.c >&5
configure:4541: $? = 0
configure:4543: ar cru libconftest.a conftest.o >&5
ar: `u' modifier ignored since `D' is the default (see `U')
configure:4546: $? = 0
configure:4545: result: ar
configure:4595: checking build system type
configure:4609: result: x86_64-pc-linux-gnu
configure:4629: checking host system type
configure:4642: result: x86_64-pc-linux-gnu
configure:4683: checking how to print strings
configure:4710: result: printf
configure:4731: checking for a sed that does not truncate output
configure:4795: result: /usr/bin/sed
configure:4813: checking for grep that handles long lines and -e
configure:4871: result: /usr/bin/grep
configure:4876: checking for egrep
configure:4938: result: /usr/bin/grep -E
configure:4943: checking for fgrep
configure:5005: result: /usr/bin/grep -F
configure:5040: checking for ld used by gcc
configure:5107: result: /usr/bin/ld
configure:5114: checking if the linker (/usr/bin/ld) is GNU ld
configure:5129: result: yes
configure:5141: checking for BSD- or MS-compatible name lister (nm)
configure:5195: result: /usr/bin/nm -B
configure:5325: checking the name lister (/usr/bin/nm -B) interface
configure:5332: gcc -c -O3 -DNDEBUG -finline-functions -fno-strict-aliasing -mcx16 -pthread -D__EXTENSIONS__     -I/usr/local/include -I/usr/local/include conftest.c >&5
configure:5335: /usr/bin/nm -B "conftest.o"
configure:5338: output
0000000000000000 B some_variable
configure:5339: result: BSD nm
configure:5342: checking whether ln -s works
configure:5346: result: yes
configure:5354: checking the maximum length of command line arguments
configure:5485: result: 1572864
configure:5533: checking how to convert x86_64-pc-linux-gnu file names to x86_64-pc-linux-gnu format
configure:5573: result: func_convert_file_noop
configure:5580: checking how to convert x86_64-pc-linux-gnu file names to toolchain format
configure:5600: result: func_convert_file_noop
configure:5607: checking for /usr/bin/ld option to reload object files
configure:5614: result: -r
configure:5688: checking for objdump
configure:5704: found /usr/bin/objdump
configure:5715: result: objdump
configure:5747: checking how to recognize dependent libraries
configure:5947: result: pass_all
configure:6032: checking for dlltool
configure:6062: result: no
configure:6092: checking how to associate runtime and link libraries
configure:6119: result: printf %s\n
configure:6243: checking for archiver @FILE support
configure:6260: gcc -c -O3 -DNDEBUG -finline-functions -fno-strict-aliasing -mcx16 -pthread -D__EXTENSIONS__     -I/usr/local/include -I/usr/local/include conftest.c >&5
configure:6260: $? = 0
configure:6263: ar cru libconftest.a @conftest.lst >&5
ar: `u' modifier ignored since `D' is the default (see `U')
configure:6266: $? = 0
configure:6271: ar cru libconftest.a @conftest.lst >&5
ar: `u' modifier ignored since `D' is the default (see `U')
ar: conftest.o: No such file or directory
configure:6274: $? = 1
configure:6273: result: @
configure:6331: checking for strip
configure:6347: found /usr/bin/strip
configure:6358: result: strip
configure:6430: checking for ranlib
configure:6446: found /usr/bin/ranlib
configure:6457: result: ranlib
configure:6559: checking command to parse /usr/bin/nm -B output from gcc object
configure:6712: gcc -c -O3 -DNDEBUG -finline-functions -fno-strict-aliasing -mcx16 -pthread -D__EXTENSIONS__     -I/usr/local/include -I/usr/local/include conftest.c >&5
configure:6715: $? = 0
configure:6719: /usr/bin/nm -B conftest.o \| sed -n -e 's/^.*[ ]\([ABCDGIRSTW][ABCDGIRSTW]*\)[ ][ ]*\([_A-Za-z][_A-Za-z0-9]*\)$/\1 \2 \2/p' | sed '/ __gnu_lto/d' \> conftest.nm
configure:6722: $? = 0
configure:6788: gcc -o conftest -O3 -DNDEBUG -finline-functions -fno-strict-aliasing -mcx16 -pthread -D__EXTENSIONS__     -I/usr/local/include -I/usr/local/include     conftest.c conftstm.o >&5
configure:6791: $? = 0
configure:6829: result: ok
configure:6876: checking for sysroot
configure:6906: result: no
configure:6913: checking for a working dd
configure:6951: result: /usr/bin/dd
configure:6955: checking how to truncate binary pipes
configure:6970: result: /usr/bin/dd bs=4096 count=1
configure:7106: gcc -c -O3 -DNDEBUG -finline-functions -fno-strict-aliasing -mcx16 -pthread -D__EXTENSIONS__     -I/usr/local/include -I/usr/local/include conftest.c >&5
configure:7109: $? = 0
configure:7299: checking for mt
configure:7315: found /usr/bin/mt
configure:7326: result: mt
configure:7349: checking if mt is a manifest tool
configure:7355: mt '-?'
configure:7363: result: no
configure:8037: checking how to run the C preprocessor
configure:8068: gcc -E     -I/usr/local/include -I/usr/local/include conftest.c
configure:8068: $? = 0
configure:8082: gcc -E     -I/usr/local/include -I/usr/local/include conftest.c
conftest.c:11:10: fatal error: ac_nonexistent.h: No such file or directory
   11 | #include <ac_nonexistent.h>
      |          ^~~~~~~~~~~~~~~~~~
compilation terminated.
configure:8082: $? = 1
configure: failed program was:
| /* confdefs.h */
| #define PACKAGE_NAME "ROMIO"
| #define PACKAGE_TARNAME "romio"
| #define PACKAGE_VERSION "Open MPI"
| #define PACKAGE_STRING "ROMIO Open MPI"
| #define PACKAGE_BUGREPORT "discuss@mpich.org"
| #define PACKAGE_URL "http://www.mpich.org/"
| #define PACKAGE "romio"
| #define VERSION "Open MPI"
| /* end confdefs.h.  */
| #include <ac_nonexistent.h>
configure:8107: result: gcc -E
configure:8127: gcc -E     -I/usr/local/include -I/usr/local/include conftest.c
configure:8127: $? = 0
configure:8141: gcc -E     -I/usr/local/include -I/usr/local/include conftest.c
conftest.c:11:10: fatal error: ac_nonexistent.h: No such file or directory
   11 | #include <ac_nonexistent.h>
      |          ^~~~~~~~~~~~~~~~~~
compilation terminated.
configure:8141: $? = 1
configure: failed program was:
| /* confdefs.h */
| #define PACKAGE_NAME "ROMIO"
| #define PACKAGE_TARNAME "romio"
| #define PACKAGE_VERSION "Open MPI"
| #define PACKAGE_STRING "ROMIO Open MPI"
| #define PACKAGE_BUGREPORT "discuss@mpich.org"
| #define PACKAGE_URL "http://www.mpich.org/"
| #define PACKAGE "romio"
| #define VERSION "Open MPI"
| /* end confdefs.h.  */
| #include <ac_nonexistent.h>
configure:8170: checking for ANSI C header files
configure:8190: gcc -c -O3 -DNDEBUG -finline-functions -fno-strict-aliasing -mcx16 -pthread -D__EXTENSIONS__     -I/usr/local/include -I/usr/local/include conftest.c >&5
configure:8190: $? = 0
configure:8263: gcc -o conftest -O3 -DNDEBUG -finline-functions -fno-strict-aliasing -mcx16 -pthread -D__EXTENSIONS__     -I/usr/local/include -I/usr/local/include     conftest.c  >&5
configure:8263: $? = 0
configure:8263: ./conftest
configure:8263: $? = 0
configure:8274: result: yes
configure:8287: checking for sys/types.h
configure:8287: gcc -c -O3 -DNDEBUG -finline-functions -fno-strict-aliasing -mcx16 -pthread -D__EXTENSIONS__     -I/usr/local/include -I/usr/local/include conftest.c >&5
configure:8287: $? = 0
configure:8287: result: yes
configure:8287: checking for sys/stat.h
configure:8287: gcc -c -O3 -DNDEBUG -finline-functions -fno-strict-aliasing -mcx16 -pthread -D__EXTENSIONS__     -I/usr/local/include -I/usr/local/include conftest.c >&5
configure:8287: $? = 0
configure:8287: result: yes
configure:8287: checking for stdlib.h
configure:8287: gcc -c -O3 -DNDEBUG -finline-functions -fno-strict-aliasing -mcx16 -pthread -D__EXTENSIONS__     -I/usr/local/include -I/usr/local/include conftest.c >&5
configure:8287: $? = 0
configure:8287: result: yes
configure:8287: checking for string.h
configure:8287: gcc -c -O3 -DNDEBUG -finline-functions -fno-strict-aliasing -mcx16 -pthread -D__EXTENSIONS__     -I/usr/local/include -I/usr/local/include conftest.c >&5
configure:8287: $? = 0
configure:8287: result: yes
configure:8287: checking for memory.h
configure:8287: gcc -c -O3 -DNDEBUG -finline-functions -fno-strict-aliasing -mcx16 -pthread -D__EXTENSIONS__     -I/usr/local/include -I/usr/local/include conftest.c >&5
configure:8287: $? = 0
configure:8287: result: yes
configure:8287: checking for strings.h
configure:8287: gcc -c -O3 -DNDEBUG -finline-functions -fno-strict-aliasing -mcx16 -pthread -D__EXTENSIONS__     -I/usr/local/include -I/usr/local/include conftest.c >&5
configure:8287: $? = 0
configure:8287: result: yes
configure:8287: checking for inttypes.h
configure:8287: gcc -c -O3 -DNDEBUG -finline-functions -fno-strict-aliasing -mcx16 -pthread -D__EXTENSIONS__     -I/usr/local/include -I/usr/local/include conftest.c >&5
configure:8287: $? = 0
configure:8287: result: yes
configure:8287: checking for stdint.h
configure:8287: gcc -c -O3 -DNDEBUG -finline-functions -fno-strict-aliasing -mcx16 -pthread -D__EXTENSIONS__     -I/usr/local/include -I/usr/local/include conftest.c >&5
configure:8287: $? = 0
configure:8287: result: yes
configure:8287: checking for unistd.h
configure:8287: gcc -c -O3 -DNDEBUG -finline-functions -fno-strict-aliasing -mcx16 -pthread -D__EXTENSIONS__     -I/usr/local/include -I/usr/local/include conftest.c >&5
configure:8287: $? = 0
configure:8287: result: yes
configure:8301: checking for dlfcn.h
configure:8301: gcc -c -O3 -DNDEBUG -finline-functions -fno-strict-aliasing -mcx16 -pthread -D__EXTENSIONS__     -I/usr/local/include -I/usr/local/include conftest.c >&5
configure:8301: $? = 0
configure:8301: result: yes
configure:8557: checking for objdir
configure:8572: result: .libs
configure:8836: checking if gcc supports -fno-rtti -fno-exceptions
configure:8854: gcc -c -O3 -DNDEBUG -finline-functions -fno-strict-aliasing -mcx16 -pthread -D__EXTENSIONS__     -I/usr/local/include -I/usr/local/include -fno-rtti -fno-exceptions conftest.c >&5
cc1: warning: command line option '-fno-rtti' is valid for C++/D/ObjC++ but not for C
configure:8858: $? = 0
configure:8871: result: no
configure:9235: checking for gcc option to produce PIC
configure:9242: result: -fPIC -DPIC
configure:9250: checking if gcc PIC flag -fPIC -DPIC works
configure:9268: gcc -c -O3 -DNDEBUG -finline-functions -fno-strict-aliasing -mcx16 -pthread -D__EXTENSIONS__     -I/usr/local/include -I/usr/local/include -fPIC -DPIC -DPIC conftest.c >&5
configure:9272: $? = 0
configure:9285: result: yes
configure:9314: checking if gcc static flag -static works
configure:9342: result: yes
configure:9357: checking if gcc supports -c -o file.o
configure:9378: gcc -c -O3 -DNDEBUG -finline-functions -fno-strict-aliasing -mcx16 -pthread -D__EXTENSIONS__     -I/usr/local/include -I/usr/local/include -o out/conftest2.o conftest.c >&5
configure:9382: $? = 0
configure:9404: result: yes
configure:9412: checking if gcc supports -c -o file.o
configure:9459: result: yes
configure:9492: checking whether the gcc linker (/usr/bin/ld -m elf_x86_64) supports shared libraries
configure:10751: result: yes
configure:10788: checking whether -lc should be explicitly linked in
configure:10796: gcc -c -O3 -DNDEBUG -finline-functions -fno-strict-aliasing -mcx16 -pthread -D__EXTENSIONS__     -I/usr/local/include -I/usr/local/include conftest.c >&5
configure:10799: $? = 0
configure:10814: gcc -shared  -fPIC -DPIC conftest.o  -v -Wl,-soname -Wl,conftest -o conftest 2\>\&1 \| /usr/bin/grep  -lc  \>/dev/null 2\>\&1
configure:10817: $? = 0
configure:10831: result: no
configure:10991: checking dynamic linker characteristics
configure:11572: gcc -o conftest -O3 -DNDEBUG -finline-functions -fno-strict-aliasing -mcx16 -pthread -D__EXTENSIONS__     -I/usr/local/include -I/usr/local/include     -Wl,-rpath -Wl,/foo conftest.c  >&5
configure:11572: $? = 0
configure:11809: result: GNU/Linux ld.so
configure:11931: checking how to hardcode library paths into programs
configure:11956: result: immediate
configure:12504: checking whether stripping libraries is possible
configure:12509: result: yes
configure:12544: checking if libtool supports shared libraries
configure:12546: result: yes
configure:12549: checking whether to build shared libraries
configure:12574: result: yes
configure:12577: checking whether to build static libraries
configure:12581: result: no
configure:9422: checking whether make supports nested variables
configure:9439: result: yes
configure:9472: checking for Open MPI support files
configure:9483: result: in Open MPI source tree -- good
configure:9694: checking for make
configure:9710: found /usr/bin/make
configure:9721: result: make
configure:9735: checking whether clock skew breaks make
configure:9760: result: no
configure:9770: checking whether make supports include
configure:9798: result: yes
configure:9807: checking whether make allows comments in actions
configure:9834: result: yes
configure:9848: checking for virtual path format
configure:9891: result: VPATH
configure:9901: checking whether make sets CFLAGS
configure:9927: result: yes
configure:9999: WARNING: Unknown architecture ... proceeding anyway
configure:10022: result: ROMIO home directory is /home/isislab/open-mpi-source/openmpi-4.1.4/ompi/mca/io/romio321/romio
configure:16646: checking for long long
configure:16646: gcc -c -O3 -DNDEBUG -finline-functions -fno-strict-aliasing -mcx16 -pthread -D__EXTENSIONS__     -I/usr/local/include -I/usr/local/include conftest.c >&5
configure:16646: $? = 0
configure:16646: gcc -c -O3 -DNDEBUG -finline-functions -fno-strict-aliasing -mcx16 -pthread -D__EXTENSIONS__     -I/usr/local/include -I/usr/local/include conftest.c >&5
conftest.c: In function 'main':
conftest.c:60:24: error: expected expression before ')' token
   60 | if (sizeof ((long long)))
      |                        ^
configure:16646: $? = 1
configure: failed program was:
| /* confdefs.h */
| #define PACKAGE_NAME "ROMIO"
| #define PACKAGE_TARNAME "romio"
| #define PACKAGE_VERSION "Open MPI"
| #define PACKAGE_STRING "ROMIO Open MPI"
| #define PACKAGE_BUGREPORT "discuss@mpich.org"
| #define PACKAGE_URL "http://www.mpich.org/"
| #define PACKAGE "romio"
| #define VERSION "Open MPI"
| #define STDC_HEADERS 1
| #define HAVE_SYS_TYPES_H 1
| #define HAVE_SYS_STAT_H 1
| #define HAVE_STDLIB_H 1
| #define HAVE_STRING_H 1
| #define HAVE_MEMORY_H 1
| #define HAVE_STRINGS_H 1
| #define HAVE_INTTYPES_H 1
| #define HAVE_STDINT_H 1
| #define HAVE_UNISTD_H 1
| #define HAVE_DLFCN_H 1
| #define LT_OBJDIR ".libs/"
| #define HAVE_MPI_OFFSET 1
| /* end confdefs.h.  */
| #include <stdio.h>
| #ifdef HAVE_SYS_TYPES_H
| # include <sys/types.h>
| #endif
| #ifdef HAVE_SYS_STAT_H
| # include <sys/stat.h>
| #endif
| #ifdef STDC_HEADERS
| # include <stdlib.h>
| # include <stddef.h>
| #else
| # ifdef HAVE_STDLIB_H
| #  include <stdlib.h>
| # endif
| #endif
| #ifdef HAVE_STRING_H
| # if !defined STDC_HEADERS && defined HAVE_MEMORY_H
| #  include <memory.h>
| # endif
| # include <string.h>
| #endif
| #ifdef HAVE_STRINGS_H
| # include <strings.h>
| #endif
| #ifdef HAVE_INTTYPES_H
| # include <inttypes.h>
| #endif
| #ifdef HAVE_STDINT_H
| # include <stdint.h>
| #endif
| #ifdef HAVE_UNISTD_H
| # include <unistd.h>
| #endif
| int
| main ()
| {
| if (sizeof ((long long)))
| 	    return 0;
|   ;
|   return 0;
| }
configure:16646: result: yes
configure:16655: checking size of long long
configure:16660: gcc -o conftest -O3 -DNDEBUG -finline-functions -fno-strict-aliasing -mcx16 -pthread -D__EXTENSIONS__     -I/usr/local/include -I/usr/local/include     conftest.c  >&5
configure:16660: $? = 0
configure:16660: ./conftest
configure:16660: $? = 0
configure:16674: result: 8
configure:16792: checking for memalign
configure:16792: gcc -o conftest -O3 -DNDEBUG -finline-functions -fno-strict-aliasing -mcx16 -pthread -D__EXTENSIONS__     -I/usr/local/include -I/usr/local/include     conftest.c  >&5
configure:16792: $? = 0
configure:16792: result: yes
configure:16885: checking for size_t
configure:16885: gcc -c -O3 -DNDEBUG -finline-functions -fno-strict-aliasing -mcx16 -pthread -D__EXTENSIONS__     -I/usr/local/include -I/usr/local/include conftest.c >&5
configure:16885: $? = 0
configure:16885: gcc -c -O3 -DNDEBUG -finline-functions -fno-strict-aliasing -mcx16 -pthread -D__EXTENSIONS__     -I/usr/local/include -I/usr/local/include conftest.c >&5
conftest.c: In function 'main':
conftest.c:62:21: error: expected expression before ')' token
   62 | if (sizeof ((size_t)))
      |                     ^
configure:16885: $? = 1
configure: failed program was:
| /* confdefs.h */
| #define PACKAGE_NAME "ROMIO"
| #define PACKAGE_TARNAME "romio"
| #define PACKAGE_VERSION "Open MPI"
| #define PACKAGE_STRING "ROMIO Open MPI"
| #define PACKAGE_BUGREPORT "discuss@mpich.org"
| #define PACKAGE_URL "http://www.mpich.org/"
| #define PACKAGE "romio"
| #define VERSION "Open MPI"
| #define STDC_HEADERS 1
| #define HAVE_SYS_TYPES_H 1
| #define HAVE_SYS_STAT_H 1
| #define HAVE_STDLIB_H 1
| #define HAVE_STRING_H 1
| #define HAVE_MEMORY_H 1
| #define HAVE_STRINGS_H 1
| #define HAVE_INTTYPES_H 1
| #define HAVE_STDINT_H 1
| #define HAVE_UNISTD_H 1
| #define HAVE_DLFCN_H 1
| #define LT_OBJDIR ".libs/"
| #define HAVE_MPI_OFFSET 1
| #define SIZEOF_LONG_LONG 8
| #define HAVE_MEMALIGN 1
| /* end confdefs.h.  */
| #include <stdio.h>
| #ifdef HAVE_SYS_TYPES_H
| # include <sys/types.h>
| #endif
| #ifdef HAVE_SYS_STAT_H
| # include <sys/stat.h>
| #endif
| #ifdef STDC_HEADERS
| # include <stdlib.h>
| # include <stddef.h>
| #else
| # ifdef HAVE_STDLIB_H
| #  include <stdlib.h>
| # endif
| #endif
| #ifdef HAVE_STRING_H
| # if !defined STDC_HEADERS && defined HAVE_MEMORY_H
| #  include <memory.h>
| # endif
| # include <string.h>
| #endif
| #ifdef HAVE_STRINGS_H
| # include <strings.h>
| #endif
| #ifdef HAVE_INTTYPES_H
| # include <inttypes.h>
| #endif
| #ifdef HAVE_STDINT_H
| # include <stdint.h>
| #endif
| #ifdef HAVE_UNISTD_H
| # include <unistd.h>
| #endif
| int
| main ()
| {
| if (sizeof ((size_t)))
| 	    return 0;
|   ;
|   return 0;
| }
configure:16885: result: yes
configure:16896: checking for ssize_t
configure:16896: gcc -c -O3 -DNDEBUG -finline-functions -fno-strict-aliasing -mcx16 -pthread -D__EXTENSIONS__     -I/usr/local/include -I/usr/local/include conftest.c >&5
configure:16896: $? = 0
configure:16896: gcc -c -O3 -DNDEBUG -finline-functions -fno-strict-aliasing -mcx16 -pthread -D__EXTENSIONS__     -I/usr/local/include -I/usr/local/include conftest.c >&5
conftest.c: In function 'main':
conftest.c:62:22: error: expected expression before ')' token
   62 | if (sizeof ((ssize_t)))
      |                      ^
configure:16896: $? = 1
configure: failed program was:
| /* confdefs.h */
| #define PACKAGE_NAME "ROMIO"
| #define PACKAGE_TARNAME "romio"
| #define PACKAGE_VERSION "Open MPI"
| #define PACKAGE_STRING "ROMIO Open MPI"
| #define PACKAGE_BUGREPORT "discuss@mpich.org"
| #define PACKAGE_URL "http://www.mpich.org/"
| #define PACKAGE "romio"
| #define VERSION "Open MPI"
| #define STDC_HEADERS 1
| #define HAVE_SYS_TYPES_H 1
| #define HAVE_SYS_STAT_H 1
| #define HAVE_STDLIB_H 1
| #define HAVE_STRING_H 1
| #define HAVE_MEMORY_H 1
| #define HAVE_STRINGS_H 1
| #define HAVE_INTTYPES_H 1
| #define HAVE_STDINT_H 1
| #define HAVE_UNISTD_H 1
| #define HAVE_DLFCN_H 1
| #define LT_OBJDIR ".libs/"
| #define HAVE_MPI_OFFSET 1
| #define SIZEOF_LONG_LONG 8
| #define HAVE_MEMALIGN 1
| /* end confdefs.h.  */
| #include <stdio.h>
| #ifdef HAVE_SYS_TYPES_H
| # include <sys/types.h>
| #endif
| #ifdef HAVE_SYS_STAT_H
| # include <sys/stat.h>
| #endif
| #ifdef STDC_HEADERS
| # include <stdlib.h>
| # include <stddef.h>
| #else
| # ifdef HAVE_STDLIB_H
| #  include <stdlib.h>
| # endif
| #endif
| #ifdef HAVE_STRING_H
| # if !defined STDC_HEADERS && defined HAVE_MEMORY_H
| #  include <memory.h>
| # endif
| # include <string.h>
| #endif
| #ifdef HAVE_STRINGS_H
| # include <strings.h>
| #endif
| #ifdef HAVE_INTTYPES_H
| # include <inttypes.h>
| #endif
| #ifdef HAVE_STDINT_H
| # include <stdint.h>
| #endif
| #ifdef HAVE_UNISTD_H
| # include <unistd.h>
| #endif
| int
| main ()
| {
| if (sizeof ((ssize_t)))
| 	    return 0;
|   ;
|   return 0;
| }
configure:16896: result: yes
configure:16907: checking for off_t
configure:16907: gcc -c -O3 -DNDEBUG -finline-functions -fno-strict-aliasing -mcx16 -pthread -D__EXTENSIONS__     -I/usr/local/include -I/usr/local/include conftest.c >&5
configure:16907: $? = 0
configure:16907: gcc -c -O3 -DNDEBUG -finline-functions -fno-strict-aliasing -mcx16 -pthread -D__EXTENSIONS__     -I/usr/local/include -I/usr/local/include conftest.c >&5
conftest.c: In function 'main':
conftest.c:62:20: error: expected expression before ')' token
   62 | if (sizeof ((off_t)))
      |                    ^
configure:16907: $? = 1
configure: failed program was:
| /* confdefs.h */
| #define PACKAGE_NAME "ROMIO"
| #define PACKAGE_TARNAME "romio"
| #define PACKAGE_VERSION "Open MPI"
| #define PACKAGE_STRING "ROMIO Open MPI"
| #define PACKAGE_BUGREPORT "discuss@mpich.org"
| #define PACKAGE_URL "http://www.mpich.org/"
| #define PACKAGE "romio"
| #define VERSION "Open MPI"
| #define STDC_HEADERS 1
| #define HAVE_SYS_TYPES_H 1
| #define HAVE_SYS_STAT_H 1
| #define HAVE_STDLIB_H 1
| #define HAVE_STRING_H 1
| #define HAVE_MEMORY_H 1
| #define HAVE_STRINGS_H 1
| #define HAVE_INTTYPES_H 1
| #define HAVE_STDINT_H 1
| #define HAVE_UNISTD_H 1
| #define HAVE_DLFCN_H 1
| #define LT_OBJDIR ".libs/"
| #define HAVE_MPI_OFFSET 1
| #define SIZEOF_LONG_LONG 8
| #define HAVE_MEMALIGN 1
| /* end confdefs.h.  */
| #include <stdio.h>
| #ifdef HAVE_SYS_TYPES_H
| # include <sys/types.h>
| #endif
| #ifdef HAVE_SYS_STAT_H
| # include <sys/stat.h>
| #endif
| #ifdef STDC_HEADERS
| # include <stdlib.h>
| # include <stddef.h>
| #else
| # ifdef HAVE_STDLIB_H
| #  include <stdlib.h>
| # endif
| #endif
| #ifdef HAVE_STRING_H
| # if !defined STDC_HEADERS && defined HAVE_MEMORY_H
| #  include <memory.h>
| # endif
| # include <string.h>
| #endif
| #ifdef HAVE_STRINGS_H
| # include <strings.h>
| #endif
| #ifdef HAVE_INTTYPES_H
| # include <inttypes.h>
| #endif
| #ifdef HAVE_STDINT_H
| # include <stdint.h>
| #endif
| #ifdef HAVE_UNISTD_H
| # include <unistd.h>
| #endif
| int
| main ()
| {
| if (sizeof ((off_t)))
| 	    return 0;
|   ;
|   return 0;
| }
configure:16907: result: yes
configure:16926: checking how to run the C preprocessor
configure:16996: result: gcc -E
configure:17016: gcc -E     -I/usr/local/include -I/usr/local/include conftest.c
configure:17016: $? = 0
configure:17030: gcc -E     -I/usr/local/include -I/usr/local/include conftest.c
conftest.c:26:10: fatal error: ac_nonexistent.h: No such file or directory
   26 | #include <ac_nonexistent.h>
      |          ^~~~~~~~~~~~~~~~~~
compilation terminated.
configure:17030: $? = 1
configure: failed program was:
| /* confdefs.h */
| #define PACKAGE_NAME "ROMIO"
| #define PACKAGE_TARNAME "romio"
| #define PACKAGE_VERSION "Open MPI"
| #define PACKAGE_STRING "ROMIO Open MPI"
| #define PACKAGE_BUGREPORT "discuss@mpich.org"
| #define PACKAGE_URL "http://www.mpich.org/"
| #define PACKAGE "romio"
| #define VERSION "Open MPI"
| #define STDC_HEADERS 1
| #define HAVE_SYS_TYPES_H 1
| #define HAVE_SYS_STAT_H 1
| #define HAVE_STDLIB_H 1
| #define HAVE_STRING_H 1
| #define HAVE_MEMORY_H 1
| #define HAVE_STRINGS_H 1
| #define HAVE_INTTYPES_H 1
| #define HAVE_STDINT_H 1
| #define HAVE_UNISTD_H 1
| #define HAVE_DLFCN_H 1
| #define LT_OBJDIR ".libs/"
| #define HAVE_MPI_OFFSET 1
| #define SIZEOF_LONG_LONG 8
| #define HAVE_MEMALIGN 1
| /* end confdefs.h.  */
| #include <ac_nonexistent.h>
configure:17061: checking for unistd.h
configure:17061: result: yes
configure:17061: checking fcntl.h usability
configure:17061: gcc -c -O3 -DNDEBUG -finline-functions -fno-strict-aliasing -mcx16 -pthread -D__EXTENSIONS__     -I/usr/local/include -I/usr/local/include conftest.c >&5
configure:17061: $? = 0
configure:17061: result: yes
configure:17061: checking fcntl.h presence
configure:17061: gcc -E     -I/usr/local/include -I/usr/local/include conftest.c
configure:17061: $? = 0
configure:17061: result: yes
configure:17061: checking for fcntl.h
configure:17061: result: yes
configure:17061: checking malloc.h usability
configure:17061: gcc -c -O3 -DNDEBUG -finline-functions -fno-strict-aliasing -mcx16 -pthread -D__EXTENSIONS__     -I/usr/local/include -I/usr/local/include conftest.c >&5
configure:17061: $? = 0
configure:17061: result: yes
configure:17061: checking malloc.h presence
configure:17061: gcc -E     -I/usr/local/include -I/usr/local/include conftest.c
configure:17061: $? = 0
configure:17061: result: yes
configure:17061: checking for malloc.h
configure:17061: result: yes
configure:17061: checking stddef.h usability
configure:17061: gcc -c -O3 -DNDEBUG -finline-functions -fno-strict-aliasing -mcx16 -pthread -D__EXTENSIONS__     -I/usr/local/include -I/usr/local/include conftest.c >&5
configure:17061: $? = 0
configure:17061: result: yes
configure:17061: checking stddef.h presence
configure:17061: gcc -E     -I/usr/local/include -I/usr/local/include conftest.c
configure:17061: $? = 0
configure:17061: result: yes
configure:17061: checking for stddef.h
configure:17061: result: yes
configure:17061: checking for sys/types.h
configure:17061: result: yes
configure:17061: checking limits.h usability
configure:17061: gcc -c -O3 -DNDEBUG -finline-functions -fno-strict-aliasing -mcx16 -pthread -D__EXTENSIONS__     -I/usr/local/include -I/usr/local/include conftest.c >&5
configure:17061: $? = 0
configure:17061: result: yes
configure:17061: checking limits.h presence
configure:17061: gcc -E     -I/usr/local/include -I/usr/local/include conftest.c
configure:17061: $? = 0
configure:17061: result: yes
configure:17061: checking for limits.h
configure:17061: result: yes
configure:17061: checking time.h usability
configure:17061: gcc -c -O3 -DNDEBUG -finline-functions -fno-strict-aliasing -mcx16 -pthread -D__EXTENSIONS__     -I/usr/local/include -I/usr/local/include conftest.c >&5
configure:17061: $? = 0
configure:17061: result: yes
configure:17061: checking time.h presence
configure:17061: gcc -E     -I/usr/local/include -I/usr/local/include conftest.c
configure:17061: $? = 0
configure:17061: result: yes
configure:17061: checking for time.h
configure:17061: result: yes
configure:17073: checking for mpix.h
configure:17073: gcc -c -O3 -DNDEBUG -finline-functions -fno-strict-aliasing -mcx16 -pthread -D__EXTENSIONS__     -I/usr/local/include -I/usr/local/include conftest.c >&5
conftest.c:35:10: fatal error: mpix.h: No such file or directory
   35 | #include <mpix.h>
      |          ^~~~~~~~
compilation terminated.
configure:17073: $? = 1
configure: failed program was:
| /* confdefs.h */
| #define PACKAGE_NAME "ROMIO"
| #define PACKAGE_TARNAME "romio"
| #define PACKAGE_VERSION "Open MPI"
| #define PACKAGE_STRING "ROMIO Open MPI"
| #define PACKAGE_BUGREPORT "discuss@mpich.org"
| #define PACKAGE_URL "http://www.mpich.org/"
| #define PACKAGE "romio"
| #define VERSION "Open MPI"
| #define STDC_HEADERS 1
| #define HAVE_SYS_TYPES_H 1
| #define HAVE_SYS_STAT_H 1
| #define HAVE_STDLIB_H 1
| #define HAVE_STRING_H 1
| #define HAVE_MEMORY_H 1
| #define HAVE_STRINGS_H 1
| #define HAVE_INTTYPES_H 1
| #define HAVE_STDINT_H 1
| #define HAVE_UNISTD_H 1
| #define HAVE_DLFCN_H 1
| #define LT_OBJDIR ".libs/"
| #define HAVE_MPI_OFFSET 1
| #define SIZEOF_LONG_LONG 8
| #define HAVE_MEMALIGN 1
| #define HAVE_UNISTD_H 1
| #define HAVE_FCNTL_H 1
| #define HAVE_MALLOC_H 1
| #define HAVE_STDDEF_H 1
| #define HAVE_SYS_TYPES_H 1
| #define HAVE_LIMITS_H 1
| #define HAVE_TIME_H 1
| /* end confdefs.h.  */
| #include <mpi.h>
| 
| #include <mpix.h>
configure:17073: result: no
configure:17096: checking for u_char
configure:17096: gcc -c -O3 -DNDEBUG -finline-functions -fno-strict-aliasing -mcx16 -pthread -D__EXTENSIONS__     -I/usr/local/include -I/usr/local/include conftest.c >&5
configure:17096: $? = 0
configure:17096: gcc -c -O3 -DNDEBUG -finline-functions -fno-strict-aliasing -mcx16 -pthread -D__EXTENSIONS__     -I/usr/local/include -I/usr/local/include conftest.c >&5
conftest.c: In function 'main':
conftest.c:69:21: error: expected expression before ')' token
   69 | if (sizeof ((u_char)))
      |                     ^
configure:17096: $? = 1
configure: failed program was:
| /* confdefs.h */
| #define PACKAGE_NAME "ROMIO"
| #define PACKAGE_TARNAME "romio"
| #define PACKAGE_VERSION "Open MPI"
| #define PACKAGE_STRING "ROMIO Open MPI"
| #define PACKAGE_BUGREPORT "discuss@mpich.org"
| #define PACKAGE_URL "http://www.mpich.org/"
| #define PACKAGE "romio"
| #define VERSION "Open MPI"
| #define STDC_HEADERS 1
| #define HAVE_SYS_TYPES_H 1
| #define HAVE_SYS_STAT_H 1
| #define HAVE_STDLIB_H 1
| #define HAVE_STRING_H 1
| #define HAVE_MEMORY_H 1
| #define HAVE_STRINGS_H 1
| #define HAVE_INTTYPES_H 1
| #define HAVE_STDINT_H 1
| #define HAVE_UNISTD_H 1
| #define HAVE_DLFCN_H 1
| #define LT_OBJDIR ".libs/"
| #define HAVE_MPI_OFFSET 1
| #define SIZEOF_LONG_LONG 8
| #define HAVE_MEMALIGN 1
| #define HAVE_UNISTD_H 1
| #define HAVE_FCNTL_H 1
| #define HAVE_MALLOC_H 1
| #define HAVE_STDDEF_H 1
| #define HAVE_SYS_TYPES_H 1
| #define HAVE_LIMITS_H 1
| #define HAVE_TIME_H 1
| /* end confdefs.h.  */
| #include <stdio.h>
| #ifdef HAVE_SYS_TYPES_H
| # include <sys/types.h>
| #endif
| #ifdef HAVE_SYS_STAT_H
| # include <sys/stat.h>
| #endif
| #ifdef STDC_HEADERS
| # include <stdlib.h>
| # include <stddef.h>
| #else
| # ifdef HAVE_STDLIB_H
| #  include <stdlib.h>
| # endif
| #endif
| #ifdef HAVE_STRING_H
| # if !defined STDC_HEADERS && defined HAVE_MEMORY_H
| #  include <memory.h>
| # endif
| # include <string.h>
| #endif
| #ifdef HAVE_STRINGS_H
| # include <strings.h>
| #endif
| #ifdef HAVE_INTTYPES_H
| # include <inttypes.h>
| #endif
| #ifdef HAVE_STDINT_H
| # include <stdint.h>
| #endif
| #ifdef HAVE_UNISTD_H
| # include <unistd.h>
| #endif
| int
| main ()
| {
| if (sizeof ((u_char)))
| 	    return 0;
|   ;
|   return 0;
| }
configure:17096: result: yes
configure:17107: checking for u_short
configure:17107: gcc -c -O3 -DNDEBUG -finline-functions -fno-strict-aliasing -mcx16 -pthread -D__EXTENSIONS__     -I/usr/local/include -I/usr/local/include conftest.c >&5
configure:17107: $? = 0
configure:17107: gcc -c -O3 -DNDEBUG -finline-functions -fno-strict-aliasing -mcx16 -pthread -D__EXTENSIONS__     -I/usr/local/include -I/usr/local/include conftest.c >&5
conftest.c: In function 'main':
conftest.c:69:22: error: expected expression before ')' token
   69 | if (sizeof ((u_short)))
      |                      ^
configure:17107: $? = 1
configure: failed program was:
| /* confdefs.h */
| #define PACKAGE_NAME "ROMIO"
| #define PACKAGE_TARNAME "romio"
| #define PACKAGE_VERSION "Open MPI"
| #define PACKAGE_STRING "ROMIO Open MPI"
| #define PACKAGE_BUGREPORT "discuss@mpich.org"
| #define PACKAGE_URL "http://www.mpich.org/"
| #define PACKAGE "romio"
| #define VERSION "Open MPI"
| #define STDC_HEADERS 1
| #define HAVE_SYS_TYPES_H 1
| #define HAVE_SYS_STAT_H 1
| #define HAVE_STDLIB_H 1
| #define HAVE_STRING_H 1
| #define HAVE_MEMORY_H 1
| #define HAVE_STRINGS_H 1
| #define HAVE_INTTYPES_H 1
| #define HAVE_STDINT_H 1
| #define HAVE_UNISTD_H 1
| #define HAVE_DLFCN_H 1
| #define LT_OBJDIR ".libs/"
| #define HAVE_MPI_OFFSET 1
| #define SIZEOF_LONG_LONG 8
| #define HAVE_MEMALIGN 1
| #define HAVE_UNISTD_H 1
| #define HAVE_FCNTL_H 1
| #define HAVE_MALLOC_H 1
| #define HAVE_STDDEF_H 1
| #define HAVE_SYS_TYPES_H 1
| #define HAVE_LIMITS_H 1
| #define HAVE_TIME_H 1
| /* end confdefs.h.  */
| #include <stdio.h>
| #ifdef HAVE_SYS_TYPES_H
| # include <sys/types.h>
| #endif
| #ifdef HAVE_SYS_STAT_H
| # include <sys/stat.h>
| #endif
| #ifdef STDC_HEADERS
| # include <stdlib.h>
| # include <stddef.h>
| #else
| # ifdef HAVE_STDLIB_H
| #  include <stdlib.h>
| # endif
| #endif
| #ifdef HAVE_STRING_H
| # if !defined STDC_HEADERS && defined HAVE_MEMORY_H
| #  include <memory.h>
| # endif
| # include <string.h>
| #endif
| #ifdef HAVE_STRINGS_H
| # include <strings.h>
| #endif
| #ifdef HAVE_INTTYPES_H
| # include <inttypes.h>
| #endif
| #ifdef HAVE_STDINT_H
| # include <stdint.h>
| #endif
| #ifdef HAVE_UNISTD_H
| # include <unistd.h>
| #endif
| int
| main ()
| {
| if (sizeof ((u_short)))
| 	    return 0;
|   ;
|   return 0;
| }
configure:17107: result: yes
configure:17118: checking for u_int
configure:17118: gcc -c -O3 -DNDEBUG -finline-functions -fno-strict-aliasing -mcx16 -pthread -D__EXTENSIONS__     -I/usr/local/include -I/usr/local/include conftest.c >&5
configure:17118: $? = 0
configure:17118: gcc -c -O3 -DNDEBUG -finline-functions -fno-strict-aliasing -mcx16 -pthread -D__EXTENSIONS__     -I/usr/local/include -I/usr/local/include conftest.c >&5
conftest.c: In function 'main':
conftest.c:69:20: error: expected expression before ')' token
   69 | if (sizeof ((u_int)))
      |                    ^
configure:17118: $? = 1
configure: failed program was:
| /* confdefs.h */
| #define PACKAGE_NAME "ROMIO"
| #define PACKAGE_TARNAME "romio"
| #define PACKAGE_VERSION "Open MPI"
| #define PACKAGE_STRING "ROMIO Open MPI"
| #define PACKAGE_BUGREPORT "discuss@mpich.org"
| #define PACKAGE_URL "http://www.mpich.org/"
| #define PACKAGE "romio"
| #define VERSION "Open MPI"
| #define STDC_HEADERS 1
| #define HAVE_SYS_TYPES_H 1
| #define HAVE_SYS_STAT_H 1
| #define HAVE_STDLIB_H 1
| #define HAVE_STRING_H 1
| #define HAVE_MEMORY_H 1
| #define HAVE_STRINGS_H 1
| #define HAVE_INTTYPES_H 1
| #define HAVE_STDINT_H 1
| #define HAVE_UNISTD_H 1
| #define HAVE_DLFCN_H 1
| #define LT_OBJDIR ".libs/"
| #define HAVE_MPI_OFFSET 1
| #define SIZEOF_LONG_LONG 8
| #define HAVE_MEMALIGN 1
| #define HAVE_UNISTD_H 1
| #define HAVE_FCNTL_H 1
| #define HAVE_MALLOC_H 1
| #define HAVE_STDDEF_H 1
| #define HAVE_SYS_TYPES_H 1
| #define HAVE_LIMITS_H 1
| #define HAVE_TIME_H 1
| /* end confdefs.h.  */
| #include <stdio.h>
| #ifdef HAVE_SYS_TYPES_H
| # include <sys/types.h>
| #endif
| #ifdef HAVE_SYS_STAT_H
| # include <sys/stat.h>
| #endif
| #ifdef STDC_HEADERS
| # include <stdlib.h>
| # include <stddef.h>
| #else
| # ifdef HAVE_STDLIB_H
| #  include <stdlib.h>
| # endif
| #endif
| #ifdef HAVE_STRING_H
| # if !defined STDC_HEADERS && defined HAVE_MEMORY_H
| #  include <memory.h>
| # endif
| # include <string.h>
| #endif
| #ifdef HAVE_STRINGS_H
| # include <strings.h>
| #endif
| #ifdef HAVE_INTTYPES_H
| # include <inttypes.h>
| #endif
| #ifdef HAVE_STDINT_H
| # include <stdint.h>
| #endif
| #ifdef HAVE_UNISTD_H
| # include <unistd.h>
| #endif
| int
| main ()
| {
| if (sizeof ((u_int)))
| 	    return 0;
|   ;
|   return 0;
| }
configure:17118: result: yes
configure:17129: checking for u_long
configure:17129: gcc -c -O3 -DNDEBUG -finline-functions -fno-strict-aliasing -mcx16 -pthread -D__EXTENSIONS__     -I/usr/local/include -I/usr/local/include conftest.c >&5
configure:17129: $? = 0
configure:17129: gcc -c -O3 -DNDEBUG -finline-functions -fno-strict-aliasing -mcx16 -pthread -D__EXTENSIONS__     -I/usr/local/include -I/usr/local/include conftest.c >&5
conftest.c: In function 'main':
conftest.c:69:21: error: expected expression before ')' token
   69 | if (sizeof ((u_long)))
      |                     ^
configure:17129: $? = 1
configure: failed program was:
| /* confdefs.h */
| #define PACKAGE_NAME "ROMIO"
| #define PACKAGE_TARNAME "romio"
| #define PACKAGE_VERSION "Open MPI"
| #define PACKAGE_STRING "ROMIO Open MPI"
| #define PACKAGE_BUGREPORT "discuss@mpich.org"
| #define PACKAGE_URL "http://www.mpich.org/"
| #define PACKAGE "romio"
| #define VERSION "Open MPI"
| #define STDC_HEADERS 1
| #define HAVE_SYS_TYPES_H 1
| #define HAVE_SYS_STAT_H 1
| #define HAVE_STDLIB_H 1
| #define HAVE_STRING_H 1
| #define HAVE_MEMORY_H 1
| #define HAVE_STRINGS_H 1
| #define HAVE_INTTYPES_H 1
| #define HAVE_STDINT_H 1
| #define HAVE_UNISTD_H 1
| #define HAVE_DLFCN_H 1
| #define LT_OBJDIR ".libs/"
| #define HAVE_MPI_OFFSET 1
| #define SIZEOF_LONG_LONG 8
| #define HAVE_MEMALIGN 1
| #define HAVE_UNISTD_H 1
| #define HAVE_FCNTL_H 1
| #define HAVE_MALLOC_H 1
| #define HAVE_STDDEF_H 1
| #define HAVE_SYS_TYPES_H 1
| #define HAVE_LIMITS_H 1
| #define HAVE_TIME_H 1
| /* end confdefs.h.  */
| #include <stdio.h>
| #ifdef HAVE_SYS_TYPES_H
| # include <sys/types.h>
| #endif
| #ifdef HAVE_SYS_STAT_H
| # include <sys/stat.h>
| #endif
| #ifdef STDC_HEADERS
| # include <stdlib.h>
| # include <stddef.h>
| #else
| # ifdef HAVE_STDLIB_H
| #  include <stdlib.h>
| # endif
| #endif
| #ifdef HAVE_STRING_H
| # if !defined STDC_HEADERS && defined HAVE_MEMORY_H
| #  include <memory.h>
| # endif
| # include <string.h>
| #endif
| #ifdef HAVE_STRINGS_H
| # include <strings.h>
| #endif
| #ifdef HAVE_INTTYPES_H
| # include <inttypes.h>
| #endif
| #ifdef HAVE_STDINT_H
| # include <stdint.h>
| #endif
| #ifdef HAVE_UNISTD_H
| # include <unistd.h>
| #endif
| int
| main ()
| {
| if (sizeof ((u_long)))
| 	    return 0;
|   ;
|   return 0;
| }
configure:17129: result: yes
configure:17144: checking sys/attr.h usability
configure:17144: gcc -c -O3 -DNDEBUG -finline-functions -fno-strict-aliasing -mcx16 -pthread -D__EXTENSIONS__     -I/usr/local/include -I/usr/local/include conftest.c >&5
conftest.c:66:10: fatal error: sys/attr.h: No such file or directory
   66 | #include <sys/attr.h>
      |          ^~~~~~~~~~~~
compilation terminated.
configure:17144: $? = 1
configure: failed program was:
| /* confdefs.h */
| #define PACKAGE_NAME "ROMIO"
| #define PACKAGE_TARNAME "romio"
| #define PACKAGE_VERSION "Open MPI"
| #define PACKAGE_STRING "ROMIO Open MPI"
| #define PACKAGE_BUGREPORT "discuss@mpich.org"
| #define PACKAGE_URL "http://www.mpich.org/"
| #define PACKAGE "romio"
| #define VERSION "Open MPI"
| #define STDC_HEADERS 1
| #define HAVE_SYS_TYPES_H 1
| #define HAVE_SYS_STAT_H 1
| #define HAVE_STDLIB_H 1
| #define HAVE_STRING_H 1
| #define HAVE_MEMORY_H 1
| #define HAVE_STRINGS_H 1
| #define HAVE_INTTYPES_H 1
| #define HAVE_STDINT_H 1
| #define HAVE_UNISTD_H 1
| #define HAVE_DLFCN_H 1
| #define LT_OBJDIR ".libs/"
| #define HAVE_MPI_OFFSET 1
| #define SIZEOF_LONG_LONG 8
| #define HAVE_MEMALIGN 1
| #define HAVE_UNISTD_H 1
| #define HAVE_FCNTL_H 1
| #define HAVE_MALLOC_H 1
| #define HAVE_STDDEF_H 1
| #define HAVE_SYS_TYPES_H 1
| #define HAVE_LIMITS_H 1
| #define HAVE_TIME_H 1
| /* end confdefs.h.  */
| #include <stdio.h>
| #ifdef HAVE_SYS_TYPES_H
| # include <sys/types.h>
| #endif
| #ifdef HAVE_SYS_STAT_H
| # include <sys/stat.h>
| #endif
| #ifdef STDC_HEADERS
| # include <stdlib.h>
| # include <stddef.h>
| #else
| # ifdef HAVE_STDLIB_H
| #  include <stdlib.h>
| # endif
| #endif
| #ifdef HAVE_STRING_H
| # if !defined STDC_HEADERS && defined HAVE_MEMORY_H
| #  include <memory.h>
| # endif
| # include <string.h>
| #endif
| #ifdef HAVE_STRINGS_H
| # include <strings.h>
| #endif
| #ifdef HAVE_INTTYPES_H
| # include <inttypes.h>
| #endif
| #ifdef HAVE_STDINT_H
| # include <stdint.h>
| #endif
| #ifdef HAVE_UNISTD_H
| # include <unistd.h>
| #endif
| #include <sys/attr.h>
configure:17144: result: no
configure:17144: checking sys/attr.h presence
configure:17144: gcc -E     -I/usr/local/include -I/usr/local/include conftest.c
conftest.c:33:10: fatal error: sys/attr.h: No such file or directory
   33 | #include <sys/attr.h>
      |          ^~~~~~~~~~~~
compilation terminated.
configure:17144: $? = 1
configure: failed program was:
| /* confdefs.h */
| #define PACKAGE_NAME "ROMIO"
| #define PACKAGE_TARNAME "romio"
| #define PACKAGE_VERSION "Open MPI"
| #define PACKAGE_STRING "ROMIO Open MPI"
| #define PACKAGE_BUGREPORT "discuss@mpich.org"
| #define PACKAGE_URL "http://www.mpich.org/"
| #define PACKAGE "romio"
| #define VERSION "Open MPI"
| #define STDC_HEADERS 1
| #define HAVE_SYS_TYPES_H 1
| #define HAVE_SYS_STAT_H 1
| #define HAVE_STDLIB_H 1
| #define HAVE_STRING_H 1
| #define HAVE_MEMORY_H 1
| #define HAVE_STRINGS_H 1
| #define HAVE_INTTYPES_H 1
| #define HAVE_STDINT_H 1
| #define HAVE_UNISTD_H 1
| #define HAVE_DLFCN_H 1
| #define LT_OBJDIR ".libs/"
| #define HAVE_MPI_OFFSET 1
| #define SIZEOF_LONG_LONG 8
| #define HAVE_MEMALIGN 1
| #define HAVE_UNISTD_H 1
| #define HAVE_FCNTL_H 1
| #define HAVE_MALLOC_H 1
| #define HAVE_STDDEF_H 1
| #define HAVE_SYS_TYPES_H 1
| #define HAVE_LIMITS_H 1
| #define HAVE_TIME_H 1
| /* end confdefs.h.  */
| #include <sys/attr.h>
configure:17144: result: no
configure:17144: checking for sys/attr.h
configure:17144: result: no
configure:17159: checking size of int
configure:17164: gcc -o conftest -O3 -DNDEBUG -finline-functions -fno-strict-aliasing -mcx16 -pthread -D__EXTENSIONS__     -I/usr/local/include -I/usr/local/include     conftest.c  >&5
configure:17164: $? = 0
configure:17164: ./conftest
configure:17164: $? = 0
configure:17178: result: 4
configure:17192: checking size of void *
configure:17197: gcc -o conftest -O3 -DNDEBUG -finline-functions -fno-strict-aliasing -mcx16 -pthread -D__EXTENSIONS__     -I/usr/local/include -I/usr/local/include     conftest.c  >&5
configure:17197: $? = 0
configure:17197: ./conftest
configure:17197: $? = 0
configure:17211: result: 8
configure:17221: checking for int large enough for pointers
configure:17237: result: no
configure:17254: checking size of long long
configure:17273: result: 8
configure:18431: checking whether struct flock compatible with MPI_Offset
configure:18448: gcc -c -O3 -DNDEBUG -finline-functions -fno-strict-aliasing -mcx16 -pthread -D__EXTENSIONS__     -I/usr/local/include -I/usr/local/include conftest.c >&5
configure:18448: $? = 0
configure:18454: result: yes
configure:18548: checking for pvfs2-config
configure:18580: result: notfound
configure:18756: checking configured file systems
configure:18758: result: testfs ufs nfs
configure:18767: WARNING: File locks may not work with NFS.  See the Installation and
users manual for instructions on testing and if necessary fixing this
configure:19794: checking sys/vfs.h usability
configure:19794: gcc -c -O3 -DNDEBUG -finline-functions -fno-strict-aliasing -mcx16 -pthread -D__EXTENSIONS__     -I/usr/local/include -I/usr/local/include conftest.c >&5
configure:19794: $? = 0
configure:19794: result: yes
configure:19794: checking sys/vfs.h presence
configure:19794: gcc -E     -I/usr/local/include -I/usr/local/include conftest.c
configure:19794: $? = 0
configure:19794: result: yes
configure:19794: checking for sys/vfs.h
configure:19794: result: yes
configure:19794: checking sys/param.h usability
configure:19794: gcc -c -O3 -DNDEBUG -finline-functions -fno-strict-aliasing -mcx16 -pthread -D__EXTENSIONS__     -I/usr/local/include -I/usr/local/include conftest.c >&5
configure:19794: $? = 0
configure:19794: result: yes
configure:19794: checking sys/param.h presence
configure:19794: gcc -E     -I/usr/local/include -I/usr/local/include conftest.c
configure:19794: $? = 0
configure:19794: result: yes
configure:19794: checking for sys/param.h
configure:19794: result: yes
configure:19794: checking sys/mount.h usability
configure:19794: gcc -c -O3 -DNDEBUG -finline-functions -fno-strict-aliasing -mcx16 -pthread -D__EXTENSIONS__     -I/usr/local/include -I/usr/local/include conftest.c >&5
configure:19794: $? = 0
configure:19794: result: yes
configure:19794: checking sys/mount.h presence
configure:19794: gcc -E     -I/usr/local/include -I/usr/local/include conftest.c
configure:19794: $? = 0
configure:19794: result: yes
configure:19794: checking for sys/mount.h
configure:19794: result: yes
configure:19794: checking sys/statvfs.h usability
configure:19794: gcc -c -O3 -DNDEBUG -finline-functions -fno-strict-aliasing -mcx16 -pthread -D__EXTENSIONS__     -I/usr/local/include -I/usr/local/include conftest.c >&5
configure:19794: $? = 0
configure:19794: result: yes
configure:19794: checking sys/statvfs.h presence
configure:19794: gcc -E     -I/usr/local/include -I/usr/local/include conftest.c
configure:19794: $? = 0
configure:19794: result: yes
configure:19794: checking for sys/statvfs.h
configure:19794: result: yes
configure:19806: checking for statfs
configure:19806: gcc -o conftest -O3 -DNDEBUG -finline-functions -fno-strict-aliasing -mcx16 -pthread -D__EXTENSIONS__     -I/usr/local/include -I/usr/local/include     conftest.c  >&5
configure:19806: $? = 0
configure:19806: result: yes
configure:19815: checking whether struct statfs properly defined
configure:19843: gcc -c -O3 -DNDEBUG -finline-functions -fno-strict-aliasing -mcx16 -pthread -D__EXTENSIONS__     -I/usr/local/include -I/usr/local/include conftest.c >&5
configure:19843: $? = 0
configure:19850: result: yes
configure:19862: checking for f_fstypename member of statfs structure
configure:19883: gcc -c -O3 -DNDEBUG -finline-functions -fno-strict-aliasing -mcx16 -pthread -D__EXTENSIONS__     -I/usr/local/include -I/usr/local/include conftest.c >&5
conftest.c: In function 'main':
conftest.c:60:19: error: storage size of 'f' isn't known
   60 |     struct statfs f;
      |                   ^
configure:19883: $? = 1
configure: failed program was:
| /* confdefs.h */
| #define PACKAGE_NAME "ROMIO"
| #define PACKAGE_TARNAME "romio"
| #define PACKAGE_VERSION "Open MPI"
| #define PACKAGE_STRING "ROMIO Open MPI"
| #define PACKAGE_BUGREPORT "discuss@mpich.org"
| #define PACKAGE_URL "http://www.mpich.org/"
| #define PACKAGE "romio"
| #define VERSION "Open MPI"
| #define STDC_HEADERS 1
| #define HAVE_SYS_TYPES_H 1
| #define HAVE_SYS_STAT_H 1
| #define HAVE_STDLIB_H 1
| #define HAVE_STRING_H 1
| #define HAVE_MEMORY_H 1
| #define HAVE_STRINGS_H 1
| #define HAVE_INTTYPES_H 1
| #define HAVE_STDINT_H 1
| #define HAVE_UNISTD_H 1
| #define HAVE_DLFCN_H 1
| #define LT_OBJDIR ".libs/"
| #define HAVE_MPI_OFFSET 1
| #define SIZEOF_LONG_LONG 8
| #define HAVE_MEMALIGN 1
| #define HAVE_UNISTD_H 1
| #define HAVE_FCNTL_H 1
| #define HAVE_MALLOC_H 1
| #define HAVE_STDDEF_H 1
| #define HAVE_SYS_TYPES_H 1
| #define HAVE_LIMITS_H 1
| #define HAVE_TIME_H 1
| #define SIZEOF_INT 4
| #define SIZEOF_VOID_P 8
| #define INT_LT_POINTER 1
| #define HAVE_INT_LT_POINTER 1
| #define SIZEOF_LONG_LONG 8
| #define HAVE_LONG_LONG_64 1
| #define HAVE_MPI_LONG_LONG_INT 1
| #define HAVE_MPI_INFO 1
| #define ROMIO_NFS 1
| #define ROMIO_UFS 1
| #define ROMIO_TESTFS 1
| #define ROMIO_RUN_ON_LINUX 1
| #define HAVE_SYS_VFS_H 1
| #define HAVE_SYS_PARAM_H 1
| #define HAVE_SYS_MOUNT_H 1
| #define HAVE_SYS_STATVFS_H 1
| #define HAVE_STATFS 1
| #define HAVE_STRUCT_STATFS 1
| /* end confdefs.h.  */
| 
| #include <sys/param.h>
| #include <sys/mount.h>
| #include <string.h>
| 
| int
| main ()
| {
| 
|     struct statfs f;
|     memset(&f, 0, sizeof(f));
|     strncmp("nfs", f.f_fstypename, 3);
| 
|   ;
|   return 0;
| }
configure:19890: result: no
configure:19904: checking for sys/stat.h
configure:19904: result: yes
configure:19904: checking for sys/types.h
configure:19904: result: yes
configure:19904: checking for unistd.h
configure:19904: result: yes
configure:19916: checking for stat
configure:19916: gcc -o conftest -O3 -DNDEBUG -finline-functions -fno-strict-aliasing -mcx16 -pthread -D__EXTENSIONS__     -I/usr/local/include -I/usr/local/include     conftest.c  >&5
configure:19916: $? = 0
configure:19916: result: yes
configure:19924: checking for st_fstype member of stat structure
configure:19951: gcc -c -O3 -DNDEBUG -finline-functions -fno-strict-aliasing -mcx16 -pthread -D__EXTENSIONS__     -I/usr/local/include -I/usr/local/include conftest.c >&5
conftest.c: In function 'main':
conftest.c:73:3: error: 'struct stat' has no member named 'st_fstype'
   73 |  s.st_fstype = NULL;
      |   ^
configure:19951: $? = 1
configure: failed program was:
| /* confdefs.h */
| #define PACKAGE_NAME "ROMIO"
| #define PACKAGE_TARNAME "romio"
| #define PACKAGE_VERSION "Open MPI"
| #define PACKAGE_STRING "ROMIO Open MPI"
| #define PACKAGE_BUGREPORT "discuss@mpich.org"
| #define PACKAGE_URL "http://www.mpich.org/"
| #define PACKAGE "romio"
| #define VERSION "Open MPI"
| #define STDC_HEADERS 1
| #define HAVE_SYS_TYPES_H 1
| #define HAVE_SYS_STAT_H 1
| #define HAVE_STDLIB_H 1
| #define HAVE_STRING_H 1
| #define HAVE_MEMORY_H 1
| #define HAVE_STRINGS_H 1
| #define HAVE_INTTYPES_H 1
| #define HAVE_STDINT_H 1
| #define HAVE_UNISTD_H 1
| #define HAVE_DLFCN_H 1
| #define LT_OBJDIR ".libs/"
| #define HAVE_MPI_OFFSET 1
| #define SIZEOF_LONG_LONG 8
| #define HAVE_MEMALIGN 1
| #define HAVE_UNISTD_H 1
| #define HAVE_FCNTL_H 1
| #define HAVE_MALLOC_H 1
| #define HAVE_STDDEF_H 1
| #define HAVE_SYS_TYPES_H 1
| #define HAVE_LIMITS_H 1
| #define HAVE_TIME_H 1
| #define SIZEOF_INT 4
| #define SIZEOF_VOID_P 8
| #define INT_LT_POINTER 1
| #define HAVE_INT_LT_POINTER 1
| #define SIZEOF_LONG_LONG 8
| #define HAVE_LONG_LONG_64 1
| #define HAVE_MPI_LONG_LONG_INT 1
| #define HAVE_MPI_INFO 1
| #define ROMIO_NFS 1
| #define ROMIO_UFS 1
| #define ROMIO_TESTFS 1
| #define ROMIO_RUN_ON_LINUX 1
| #define HAVE_SYS_VFS_H 1
| #define HAVE_SYS_PARAM_H 1
| #define HAVE_SYS_MOUNT_H 1
| #define HAVE_SYS_STATVFS_H 1
| #define HAVE_STATFS 1
| #define HAVE_STRUCT_STATFS 1
| #define HAVE_SYS_STAT_H 1
| #define HAVE_SYS_TYPES_H 1
| #define HAVE_UNISTD_H 1
| #define HAVE_STAT 1
| #define HAVE_STAT 1
| /* end confdefs.h.  */
| 
| #ifdef HAVE_SYS_TYPES_H
| #include <sys/types.h>
| #endif
| #ifdef HAVE_SYS_STAT_H
| #include <sys/stat.h>
| #endif
| #ifdef HAVE_UNISTD_H
| #include <unistd.h>
| #endif
| 
| int
| main ()
| {
| 
| 	struct stat s;
| 
| 	s.st_fstype = NULL;
| 
|   ;
|   return 0;
| }
configure:19958: result: no
configure:19974: checking for sys/types.h
configure:19974: result: yes
configure:19974: checking for sys/statvfs.h
configure:19974: result: yes
configure:19974: checking for sys/vfs.h
configure:19974: result: yes
configure:19986: checking for statvfs
configure:19986: gcc -o conftest -O3 -DNDEBUG -finline-functions -fno-strict-aliasing -mcx16 -pthread -D__EXTENSIONS__     -I/usr/local/include -I/usr/local/include     conftest.c  >&5
configure:19986: $? = 0
configure:19986: result: yes
configure:19994: checking for f_basetype member of statvfs structure
configure:20021: gcc -c -O3 -DNDEBUG -finline-functions -fno-strict-aliasing -mcx16 -pthread -D__EXTENSIONS__     -I/usr/local/include -I/usr/local/include conftest.c >&5
conftest.c: In function 'main':
conftest.c:78:5: error: 'struct statvfs' has no member named 'f_basetype'
   78 |  foo.f_basetype[0] = 'a';
      |     ^
configure:20021: $? = 1
configure: failed program was:
| /* confdefs.h */
| #define PACKAGE_NAME "ROMIO"
| #define PACKAGE_TARNAME "romio"
| #define PACKAGE_VERSION "Open MPI"
| #define PACKAGE_STRING "ROMIO Open MPI"
| #define PACKAGE_BUGREPORT "discuss@mpich.org"
| #define PACKAGE_URL "http://www.mpich.org/"
| #define PACKAGE "romio"
| #define VERSION "Open MPI"
| #define STDC_HEADERS 1
| #define HAVE_SYS_TYPES_H 1
| #define HAVE_SYS_STAT_H 1
| #define HAVE_STDLIB_H 1
| #define HAVE_STRING_H 1
| #define HAVE_MEMORY_H 1
| #define HAVE_STRINGS_H 1
| #define HAVE_INTTYPES_H 1
| #define HAVE_STDINT_H 1
| #define HAVE_UNISTD_H 1
| #define HAVE_DLFCN_H 1
| #define LT_OBJDIR ".libs/"
| #define HAVE_MPI_OFFSET 1
| #define SIZEOF_LONG_LONG 8
| #define HAVE_MEMALIGN 1
| #define HAVE_UNISTD_H 1
| #define HAVE_FCNTL_H 1
| #define HAVE_MALLOC_H 1
| #define HAVE_STDDEF_H 1
| #define HAVE_SYS_TYPES_H 1
| #define HAVE_LIMITS_H 1
| #define HAVE_TIME_H 1
| #define SIZEOF_INT 4
| #define SIZEOF_VOID_P 8
| #define INT_LT_POINTER 1
| #define HAVE_INT_LT_POINTER 1
| #define SIZEOF_LONG_LONG 8
| #define HAVE_LONG_LONG_64 1
| #define HAVE_MPI_LONG_LONG_INT 1
| #define HAVE_MPI_INFO 1
| #define ROMIO_NFS 1
| #define ROMIO_UFS 1
| #define ROMIO_TESTFS 1
| #define ROMIO_RUN_ON_LINUX 1
| #define HAVE_SYS_VFS_H 1
| #define HAVE_SYS_PARAM_H 1
| #define HAVE_SYS_MOUNT_H 1
| #define HAVE_SYS_STATVFS_H 1
| #define HAVE_STATFS 1
| #define HAVE_STRUCT_STATFS 1
| #define HAVE_SYS_STAT_H 1
| #define HAVE_SYS_TYPES_H 1
| #define HAVE_UNISTD_H 1
| #define HAVE_STAT 1
| #define HAVE_STAT 1
| #define HAVE_SYS_TYPES_H 1
| #define HAVE_SYS_STATVFS_H 1
| #define HAVE_SYS_VFS_H 1
| #define HAVE_STATVFS 1
| #define HAVE_STATVFS 1
| /* end confdefs.h.  */
| 
| #ifdef HAVE_SYS_TYPES_H
| #include <sys/types.h>
| #endif
| #ifdef HAVE_SYS_VFS_H
| #include <sys/vfs.h>
| #endif
| #ifdef HAVE_SYS_STATVFS_H
| #include <sys/statvfs.h>
| #endif
| 
| int
| main ()
| {
| 
| 	struct statvfs foo;
| 
| 	foo.f_basetype[0] = 'a';
| 
|   ;
|   return 0;
| }
configure:20028: result: no
configure:20038: checking for blksize_t
configure:20038: gcc -c -O3 -DNDEBUG -finline-functions -fno-strict-aliasing -mcx16 -pthread -D__EXTENSIONS__     -I/usr/local/include -I/usr/local/include conftest.c >&5
configure:20038: $? = 0
configure:20038: gcc -c -O3 -DNDEBUG -finline-functions -fno-strict-aliasing -mcx16 -pthread -D__EXTENSIONS__     -I/usr/local/include -I/usr/local/include conftest.c >&5
conftest.c: In function 'main':
conftest.c:75:24: error: expected expression before ')' token
   75 | if (sizeof ((blksize_t)))
      |                        ^
configure:20038: $? = 1
configure: failed program was:
| /* confdefs.h */
| #define PACKAGE_NAME "ROMIO"
| #define PACKAGE_TARNAME "romio"
| #define PACKAGE_VERSION "Open MPI"
| #define PACKAGE_STRING "ROMIO Open MPI"
| #define PACKAGE_BUGREPORT "discuss@mpich.org"
| #define PACKAGE_URL "http://www.mpich.org/"
| #define PACKAGE "romio"
| #define VERSION "Open MPI"
| #define STDC_HEADERS 1
| #define HAVE_SYS_TYPES_H 1
| #define HAVE_SYS_STAT_H 1
| #define HAVE_STDLIB_H 1
| #define HAVE_STRING_H 1
| #define HAVE_MEMORY_H 1
| #define HAVE_STRINGS_H 1
| #define HAVE_INTTYPES_H 1
| #define HAVE_STDINT_H 1
| #define HAVE_UNISTD_H 1
| #define HAVE_DLFCN_H 1
| #define LT_OBJDIR ".libs/"
| #define HAVE_MPI_OFFSET 1
| #define SIZEOF_LONG_LONG 8
| #define HAVE_MEMALIGN 1
| #define HAVE_UNISTD_H 1
| #define HAVE_FCNTL_H 1
| #define HAVE_MALLOC_H 1
| #define HAVE_STDDEF_H 1
| #define HAVE_SYS_TYPES_H 1
| #define HAVE_LIMITS_H 1
| #define HAVE_TIME_H 1
| #define SIZEOF_INT 4
| #define SIZEOF_VOID_P 8
| #define INT_LT_POINTER 1
| #define HAVE_INT_LT_POINTER 1
| #define SIZEOF_LONG_LONG 8
| #define HAVE_LONG_LONG_64 1
| #define HAVE_MPI_LONG_LONG_INT 1
| #define HAVE_MPI_INFO 1
| #define ROMIO_NFS 1
| #define ROMIO_UFS 1
| #define ROMIO_TESTFS 1
| #define ROMIO_RUN_ON_LINUX 1
| #define HAVE_SYS_VFS_H 1
| #define HAVE_SYS_PARAM_H 1
| #define HAVE_SYS_MOUNT_H 1
| #define HAVE_SYS_STATVFS_H 1
| #define HAVE_STATFS 1
| #define HAVE_STRUCT_STATFS 1
| #define HAVE_SYS_STAT_H 1
| #define HAVE_SYS_TYPES_H 1
| #define HAVE_UNISTD_H 1
| #define HAVE_STAT 1
| #define HAVE_STAT 1
| #define HAVE_SYS_TYPES_H 1
| #define HAVE_SYS_STATVFS_H 1
| #define HAVE_SYS_VFS_H 1
| #define HAVE_STATVFS 1
| #define HAVE_STATVFS 1
| /* end confdefs.h.  */
| 
| 	       #ifdef HAVE_SYS_TYPES_H
| 	       #include <sys/types.h>
| 	       #endif
| 	       #ifdef HAVE_SYS_STAT_H
| 	       #include <sys/stat.h>
| 	       #endif
| 	       #ifdef HAVE_UNISTD_H
| 	       #include <unistd.h>
| 	       #endif
| 
| int
| main ()
| {
| if (sizeof ((blksize_t)))
| 	    return 0;
|   ;
|   return 0;
| }
configure:20038: result: yes
configure:20072: checking for special C compiler options needed for large files
configure:20117: result: no
configure:20123: checking for _FILE_OFFSET_BITS value needed for large files
configure:20148: gcc -c -O3 -DNDEBUG -finline-functions -fno-strict-aliasing -mcx16 -pthread -D__EXTENSIONS__     -I/usr/local/include -I/usr/local/include conftest.c >&5
configure:20148: $? = 0
configure:20180: result: no
configure:20272: checking whether pwrite is declared
configure:20272: gcc -c -O3 -DNDEBUG -finline-functions -fno-strict-aliasing -mcx16 -pthread -D__EXTENSIONS__     -I/usr/local/include -I/usr/local/include conftest.c >&5
configure:20272: $? = 0
configure:20272: result: yes
configure:20351: checking for strerror
configure:20351: gcc -o conftest -O3 -DNDEBUG -finline-functions -fno-strict-aliasing -mcx16 -pthread -D__EXTENSIONS__     -I/usr/local/include -I/usr/local/include     conftest.c  >&5
configure:20351: $? = 0
configure:20351: result: yes
configure:20436: checking for doctext
configure:20466: result: no
configure:20831: checking for strdup
configure:20831: gcc -o conftest -O3 -DNDEBUG -finline-functions -fno-strict-aliasing -mcx16 -pthread -D__EXTENSIONS__     -I/usr/local/include -I/usr/local/include     conftest.c  >&5
conftest.c:91:6: warning: conflicting types for built-in function 'strdup'; expected 'char *(const char *)' [-Wbuiltin-declaration-mismatch]
   91 | char strdup ();
      |      ^~~~~~
configure:20831: $? = 0
configure:20831: result: yes
configure:20843: checking whether strdup needs a declaration
configure:20861: gcc -c -O3 -DNDEBUG -finline-functions -fno-strict-aliasing -mcx16 -pthread -D__EXTENSIONS__     -I/usr/local/include -I/usr/local/include conftest.c >&5
configure:20861: $? = 0
configure:20868: result: no
configure:20882: checking for snprintf
configure:20882: gcc -o conftest -O3 -DNDEBUG -finline-functions -fno-strict-aliasing -mcx16 -pthread -D__EXTENSIONS__     -I/usr/local/include -I/usr/local/include     conftest.c  >&5
conftest.c:92:6: warning: conflicting types for built-in function 'snprintf'; expected 'int(char *, long unsigned int,  const char *, ...)' [-Wbuiltin-declaration-mismatch]
   92 | char snprintf ();
      |      ^~~~~~~~
conftest.c:80:1: note: 'snprintf' is declared in header '<stdio.h>'
   79 | # include <limits.h>
   80 | #else
configure:20882: $? = 0
configure:20882: result: yes
configure:20894: checking whether snprintf needs a declaration
configure:20912: gcc -c -O3 -DNDEBUG -finline-functions -fno-strict-aliasing -mcx16 -pthread -D__EXTENSIONS__     -I/usr/local/include -I/usr/local/include conftest.c >&5
configure:20912: $? = 0
configure:20919: result: no
configure:20933: checking for lstat
configure:20933: gcc -o conftest -O3 -DNDEBUG -finline-functions -fno-strict-aliasing -mcx16 -pthread -D__EXTENSIONS__     -I/usr/local/include -I/usr/local/include     conftest.c  >&5
configure:20933: $? = 0
configure:20933: result: yes
configure:20945: checking whether lstat needs a declaration
configure:20964: gcc -c -O3 -DNDEBUG -finline-functions -fno-strict-aliasing -mcx16 -pthread -D__EXTENSIONS__     -I/usr/local/include -I/usr/local/include conftest.c >&5
configure:20964: $? = 0
configure:20971: result: no
configure:20985: checking for readlink
configure:20985: gcc -o conftest -O3 -DNDEBUG -finline-functions -fno-strict-aliasing -mcx16 -pthread -D__EXTENSIONS__     -I/usr/local/include -I/usr/local/include     conftest.c  >&5
configure:20985: $? = 0
configure:20985: result: yes
configure:20997: checking whether readlink needs a declaration
configure:21015: gcc -c -O3 -DNDEBUG -finline-functions -fno-strict-aliasing -mcx16 -pthread -D__EXTENSIONS__     -I/usr/local/include -I/usr/local/include conftest.c >&5
configure:21015: $? = 0
configure:21022: result: no
configure:21036: checking for fsync
configure:21036: gcc -o conftest -O3 -DNDEBUG -finline-functions -fno-strict-aliasing -mcx16 -pthread -D__EXTENSIONS__     -I/usr/local/include -I/usr/local/include     conftest.c  >&5
configure:21036: $? = 0
configure:21036: result: yes
configure:21048: checking whether fsync needs a declaration
configure:21066: gcc -c -O3 -DNDEBUG -finline-functions -fno-strict-aliasing -mcx16 -pthread -D__EXTENSIONS__     -I/usr/local/include -I/usr/local/include conftest.c >&5
configure:21066: $? = 0
configure:21073: result: no
configure:21087: checking for ftruncate
configure:21087: gcc -o conftest -O3 -DNDEBUG -finline-functions -fno-strict-aliasing -mcx16 -pthread -D__EXTENSIONS__     -I/usr/local/include -I/usr/local/include     conftest.c  >&5
configure:21087: $? = 0
configure:21087: result: yes
configure:21099: checking whether ftruncate needs a declaration
configure:21117: gcc -c -O3 -DNDEBUG -finline-functions -fno-strict-aliasing -mcx16 -pthread -D__EXTENSIONS__     -I/usr/local/include -I/usr/local/include conftest.c >&5
configure:21117: $? = 0
configure:21124: result: no
configure:21139: checking for lseek64
configure:21139: gcc -o conftest -O3 -DNDEBUG -finline-functions -fno-strict-aliasing -mcx16 -pthread -D__EXTENSIONS__     -I/usr/local/include -I/usr/local/include     conftest.c  >&5
configure:21139: $? = 0
configure:21139: result: yes
configure:21150: checking whether lseek64 needs a declaration
configure:21168: gcc -c -O3 -DNDEBUG -finline-functions -fno-strict-aliasing -mcx16 -pthread -D__EXTENSIONS__     -I/usr/local/include -I/usr/local/include conftest.c >&5
conftest.c:76:37: error: 'lseek64' undeclared here (not in a function); did you mean 'lseek'?
   76 | void (*fptr)(void) = (void(*)(void))lseek64;
      |                                     ^~~~~~~
      |                                     lseek
configure:21168: $? = 1
configure: failed program was:
| /* confdefs.h */
| #define PACKAGE_NAME "ROMIO"
| #define PACKAGE_TARNAME "romio"
| #define PACKAGE_VERSION "Open MPI"
| #define PACKAGE_STRING "ROMIO Open MPI"
| #define PACKAGE_BUGREPORT "discuss@mpich.org"
| #define PACKAGE_URL "http://www.mpich.org/"
| #define PACKAGE "romio"
| #define VERSION "Open MPI"
| #define STDC_HEADERS 1
| #define HAVE_SYS_TYPES_H 1
| #define HAVE_SYS_STAT_H 1
| #define HAVE_STDLIB_H 1
| #define HAVE_STRING_H 1
| #define HAVE_MEMORY_H 1
| #define HAVE_STRINGS_H 1
| #define HAVE_INTTYPES_H 1
| #define HAVE_STDINT_H 1
| #define HAVE_UNISTD_H 1
| #define HAVE_DLFCN_H 1
| #define LT_OBJDIR ".libs/"
| #define HAVE_MPI_OFFSET 1
| #define SIZEOF_LONG_LONG 8
| #define HAVE_MEMALIGN 1
| #define HAVE_UNISTD_H 1
| #define HAVE_FCNTL_H 1
| #define HAVE_MALLOC_H 1
| #define HAVE_STDDEF_H 1
| #define HAVE_SYS_TYPES_H 1
| #define HAVE_LIMITS_H 1
| #define HAVE_TIME_H 1
| #define SIZEOF_INT 4
| #define SIZEOF_VOID_P 8
| #define INT_LT_POINTER 1
| #define HAVE_INT_LT_POINTER 1
| #define SIZEOF_LONG_LONG 8
| #define HAVE_LONG_LONG_64 1
| #define HAVE_MPI_LONG_LONG_INT 1
| #define HAVE_MPI_INFO 1
| #define ROMIO_NFS 1
| #define ROMIO_UFS 1
| #define ROMIO_TESTFS 1
| #define ROMIO_RUN_ON_LINUX 1
| #define HAVE_SYS_VFS_H 1
| #define HAVE_SYS_PARAM_H 1
| #define HAVE_SYS_MOUNT_H 1
| #define HAVE_SYS_STATVFS_H 1
| #define HAVE_STATFS 1
| #define HAVE_STRUCT_STATFS 1
| #define HAVE_SYS_STAT_H 1
| #define HAVE_SYS_TYPES_H 1
| #define HAVE_UNISTD_H 1
| #define HAVE_STAT 1
| #define HAVE_STAT 1
| #define HAVE_SYS_TYPES_H 1
| #define HAVE_SYS_STATVFS_H 1
| #define HAVE_SYS_VFS_H 1
| #define HAVE_STATVFS 1
| #define HAVE_STATVFS 1
| #define HAVE_DECL_PWRITE 1
| #define HAVE_STRERROR 1
| #define HAVE_STATUS_SET_BYTES 1
| #define HAVE_MPI_DARRAY_SUBARRAY 1
| #define MPIO_BUILD_PROFILING 1
| #define HAVE_DECL_MPI_COMBINER_HINDEXED_BLOCK 1
| #define HAVE_MPIIO_CONST 1
| #define HAVE_STRDUP 1
| #define HAVE_SNPRINTF 1
| #define HAVE_LSTAT 1
| #define HAVE_READLINK 1
| #define HAVE_FSYNC 1
| #define HAVE_FTRUNCATE 1
| #define HAVE_LSEEK64 1
| /* end confdefs.h.  */
| #include <unistd.h>
| void (*fptr)(void) = (void(*)(void))lseek64;
| int
| main ()
| {
| 
|   ;
|   return 0;
| }
configure:21175: result: yes
configure:21190: checking for usleep
configure:21190: gcc -o conftest -O3 -DNDEBUG -finline-functions -fno-strict-aliasing -mcx16 -pthread -D__EXTENSIONS__     -I/usr/local/include -I/usr/local/include     conftest.c  >&5
configure:21190: $? = 0
configure:21190: result: yes
configure:21201: checking whether usleep needs a declaration
configure:21219: gcc -c -O3 -DNDEBUG -finline-functions -fno-strict-aliasing -mcx16 -pthread -D__EXTENSIONS__     -I/usr/local/include -I/usr/local/include conftest.c >&5
configure:21219: $? = 0
configure:21226: result: no
configure:21318: checking for C/C++ restrict keyword
configure:21343: gcc -c -O3 -DNDEBUG -finline-functions -fno-strict-aliasing -mcx16 -pthread -D__EXTENSIONS__ -DHAVE_ROMIOCONF_H     -I/usr/local/include -I/usr/local/include conftest.c >&5
configure:21343: $? = 0
configure:21351: result: __restrict
configure:21368: checking whether __attribute__ allowed
configure:21385: gcc -c -O3 -DNDEBUG -finline-functions -fno-strict-aliasing -mcx16 -pthread -D__EXTENSIONS__ -DHAVE_ROMIOCONF_H     -I/usr/local/include -I/usr/local/include conftest.c >&5
configure:21385: $? = 0
configure:21392: result: yes
configure:21394: checking whether __attribute__((format)) allowed
configure:21411: gcc -c -O3 -DNDEBUG -finline-functions -fno-strict-aliasing -mcx16 -pthread -D__EXTENSIONS__ -DHAVE_ROMIOCONF_H     -I/usr/local/include -I/usr/local/include conftest.c >&5
configure:21411: $? = 0
configure:21418: result: yes
configure:21561: checking for gcov
configure:21577: found /usr/bin/gcov
configure:21588: result: gcov
configure:21916: checking that generated files are newer than configure
configure:21922: result: done
configure:22137: creating ./config.status

## ---------------------- ##
## Running config.status. ##
## ---------------------- ##

This file was extended by ROMIO config.status Open MPI, which was
generated by GNU Autoconf 2.69.  Invocation command line was

  CONFIG_FILES    = 
  CONFIG_HEADERS  = 
  CONFIG_LINKS    = 
  CONFIG_COMMANDS = 
  $ ./config.status 

on furore

config.status:1430: creating Makefile
config.status:1430: creating localdefs
config.status:1430: creating test/Makefile
config.status:1430: creating test/misc.c
config.status:1430: creating test/large_file.c
config.status:1430: creating test/runtests
config.status:1430: creating test-internal/Makefile
config.status:1430: creating util/romioinstall
config.status:1430: creating include/mpio.h
config.status:1430: creating test/fmisc.f
config.status:1430: creating test/fcoll_test.f
config.status:1430: creating test/pfcoll_test.f
config.status:1430: creating test/fperf.f
config.status:1430: creating adio/include/romioconf.h
config.status:1596: adio/include/romioconf.h is unchanged
config.status:1644: executing depfiles commands
config.status:1644: executing libtool commands
config.status:1644: executing default-1 commands

## ---------------- ##
## Cache variables. ##
## ---------------- ##

ac_cv_build=x86_64-pc-linux-gnu
ac_cv_c_compiler_gnu=yes
ac_cv_c_restrict=__restrict
ac_cv_env_CC_set=set
ac_cv_env_CC_value=gcc
ac_cv_env_CFLAGS_set=set
ac_cv_env_CFLAGS_value='-O3 -DNDEBUG -finline-functions -fno-strict-aliasing -mcx16 -pthread -D__EXTENSIONS__'
ac_cv_env_CPPFLAGS_set=set
ac_cv_env_CPPFLAGS_value='    -I/usr/local/include -I/usr/local/include'
ac_cv_env_CPP_set=
ac_cv_env_CPP_value=
ac_cv_env_F77_set=
ac_cv_env_F77_value=
ac_cv_env_FCFLAGS_set=
ac_cv_env_FCFLAGS_value=
ac_cv_env_FC_set=
ac_cv_env_FC_value=
ac_cv_env_FFLAGS_set=set
ac_cv_env_FFLAGS_value=
ac_cv_env_FROM_LAM_set=
ac_cv_env_FROM_LAM_value=
ac_cv_env_FROM_MPICH_set=
ac_cv_env_FROM_MPICH_value=
ac_cv_env_FROM_OMPI_set=set
ac_cv_env_FROM_OMPI_value=yes
ac_cv_env_GCOV_set=
ac_cv_env_GCOV_value=
ac_cv_env_LDFLAGS_set=set
ac_cv_env_LDFLAGS_value='   '
ac_cv_env_LIBS_set=
ac_cv_env_LIBS_value=
ac_cv_env_LT_SYS_LIBRARY_PATH_set=
ac_cv_env_LT_SYS_LIBRARY_PATH_value=
ac_cv_env_build_alias_set=
ac_cv_env_build_alias_value=
ac_cv_env_host_alias_set=
ac_cv_env_host_alias_value=
ac_cv_env_master_top_builddir_set=
ac_cv_env_master_top_builddir_value=
ac_cv_env_master_top_srcdir_set=
ac_cv_env_master_top_srcdir_value=
ac_cv_env_target_alias_set=
ac_cv_env_target_alias_value=
ac_cv_func_fsync=yes
ac_cv_func_ftruncate=yes
ac_cv_func_lseek64=yes
ac_cv_func_lstat=yes
ac_cv_func_memalign=yes
ac_cv_func_readlink=yes
ac_cv_func_snprintf=yes
ac_cv_func_stat=yes
ac_cv_func_statfs=yes
ac_cv_func_statvfs=yes
ac_cv_func_strdup=yes
ac_cv_func_strerror=yes
ac_cv_func_usleep=yes
ac_cv_have_decl_pwrite=yes
ac_cv_header_dlfcn_h=yes
ac_cv_header_fcntl_h=yes
ac_cv_header_inttypes_h=yes
ac_cv_header_limits_h=yes
ac_cv_header_malloc_h=yes
ac_cv_header_memory_h=yes
ac_cv_header_mpix_h=no
ac_cv_header_stdc=yes
ac_cv_header_stddef_h=yes
ac_cv_header_stdint_h=yes
ac_cv_header_stdlib_h=yes
ac_cv_header_string_h=yes
ac_cv_header_strings_h=yes
ac_cv_header_sys_attr_h=no
ac_cv_header_sys_mount_h=yes
ac_cv_header_sys_param_h=yes
ac_cv_header_sys_stat_h=yes
ac_cv_header_sys_statvfs_h=yes
ac_cv_header_sys_types_h=yes
ac_cv_header_sys_vfs_h=yes
ac_cv_header_time_h=yes
ac_cv_header_unistd_h=yes
ac_cv_host=x86_64-pc-linux-gnu
ac_cv_objext=o
ac_cv_path_EGREP='/usr/bin/grep -E'
ac_cv_path_FGREP='/usr/bin/grep -F'
ac_cv_path_GREP=/usr/bin/grep
ac_cv_path_PVFS2_CONFIG=notfound
ac_cv_path_SED=/usr/bin/sed
ac_cv_path_install='/usr/bin/install -c'
ac_cv_path_lt_DD=/usr/bin/dd
ac_cv_path_mkdir=/usr/bin/mkdir
ac_cv_prog_AWK=gawk
ac_cv_prog_CPP='gcc -E'
ac_cv_prog_GCOV=gcov
ac_cv_prog_MAKE=make
ac_cv_prog_ac_ct_AR=ar
ac_cv_prog_ac_ct_MANIFEST_TOOL=mt
ac_cv_prog_ac_ct_OBJDUMP=objdump
ac_cv_prog_ac_ct_RANLIB=ranlib
ac_cv_prog_ac_ct_STRIP=strip
ac_cv_prog_cc_c89=
ac_cv_prog_cc_g=yes
ac_cv_prog_make_make_set=yes
ac_cv_sizeof_int=4
ac_cv_sizeof_long_long=8
ac_cv_sizeof_void_p=8
ac_cv_sys_file_offset_bits=no
ac_cv_sys_largefile_CC=no
ac_cv_type_blksize_t=yes
ac_cv_type_long_long=yes
ac_cv_type_off_t=yes
ac_cv_type_size_t=yes
ac_cv_type_ssize_t=yes
ac_cv_type_u_char=yes
ac_cv_type_u_int=yes
ac_cv_type_u_long=yes
ac_cv_type_u_short=yes
am_cv_CC_dependencies_compiler_type=gcc3
am_cv_ar_interface=ar
am_cv_make_support_nested_variables=yes
am_cv_prog_cc_c_o=yes
lt_cv_ar_at_file=@
lt_cv_archive_cmds_need_lc=no
lt_cv_deplibs_check_method=pass_all
lt_cv_file_magic_cmd='$MAGIC_CMD'
lt_cv_file_magic_test_file=
lt_cv_ld_reload_flag=-r
lt_cv_nm_interface='BSD nm'
lt_cv_objdir=.libs
lt_cv_path_LD=/usr/bin/ld
lt_cv_path_NM='/usr/bin/nm -B'
lt_cv_path_mainfest_tool=no
lt_cv_prog_compiler_c_o=yes
lt_cv_prog_compiler_pic='-fPIC -DPIC'
lt_cv_prog_compiler_pic_works=yes
lt_cv_prog_compiler_rtti_exceptions=no
lt_cv_prog_compiler_static_works=yes
lt_cv_prog_gnu_ld=yes
lt_cv_sharedlib_from_linklib_cmd='printf %s\n'
lt_cv_shlibpath_overrides_runpath=yes
lt_cv_sys_global_symbol_pipe='sed -n -e '\''s/^.*[	 ]\([ABCDGIRSTW][ABCDGIRSTW]*\)[	 ][	 ]*\([_A-Za-z][_A-Za-z0-9]*\)$/\1 \2 \2/p'\'' | sed '\''/ __gnu_lto/d'\'''
lt_cv_sys_global_symbol_to_c_name_address='sed -n -e '\''s/^: \(.*\) .*$/  {"\1", (void *) 0},/p'\'' -e '\''s/^[ABCDGIRSTW][ABCDGIRSTW]* .* \(.*\)$/  {"\1", (void *) \&\1},/p'\'''
lt_cv_sys_global_symbol_to_c_name_address_lib_prefix='sed -n -e '\''s/^: \(.*\) .*$/  {"\1", (void *) 0},/p'\'' -e '\''s/^[ABCDGIRSTW][ABCDGIRSTW]* .* \(lib.*\)$/  {"\1", (void *) \&\1},/p'\'' -e '\''s/^[ABCDGIRSTW][ABCDGIRSTW]* .* \(.*\)$/  {"lib\1", (void *) \&\1},/p'\'''
lt_cv_sys_global_symbol_to_cdecl='sed -n -e '\''s/^T .* \(.*\)$/extern int \1();/p'\'' -e '\''s/^[ABCDGIRSTW][ABCDGIRSTW]* .* \(.*\)$/extern char \1;/p'\'''
lt_cv_sys_global_symbol_to_import=
lt_cv_sys_max_cmd_len=1572864
lt_cv_to_host_file_cmd=func_convert_file_noop
lt_cv_to_tool_file_cmd=func_convert_file_noop
lt_cv_truncate_bin='/usr/bin/dd bs=4096 count=1'
pac_cv_func_decl_fsync=no
pac_cv_func_decl_ftruncate=no
pac_cv_func_decl_lseek64=yes
pac_cv_func_decl_lstat=no
pac_cv_func_decl_readlink=no
pac_cv_func_decl_snprintf=no
pac_cv_func_decl_strdup=no
pac_cv_func_decl_usleep=no
pac_cv_gnu_attr_format=yes
pac_cv_gnu_attr_pure=yes
pac_cv_have_statfs=yes
pac_cv_have_statfs_f_fstypename=no
pac_cv_int_hold_pointer=no
pac_cv_prog_make_allows_comments=yes
pac_cv_prog_make_found_clock_skew=no
pac_cv_prog_make_include=yes
pac_cv_prog_make_set_cflags=yes
pac_cv_prog_make_vpath=VPATH
pac_cv_struct_flock_and_mpi_offset=yes

## ----------------- ##
## Output variables. ##
## ----------------- ##

ACLOCAL='${SHELL} /home/isislab/open-mpi-source/openmpi-4.1.4/ompi/mca/io/romio321/romio/confdb/missing aclocal-1.15'
AMDEPBACKSLASH='\'
AMDEP_FALSE='#'
AMDEP_TRUE=''
AMTAR='$${TAR-tar}'
AM_BACKSLASH='\'
AM_DEFAULT_V='$(AM_DEFAULT_VERBOSITY)'
AM_DEFAULT_VERBOSITY='0'
AM_V='$(V)'
AR='ar'
ARCH=''
AR_FLAGS='cru'
AUTOCONF='${SHELL} /home/isislab/open-mpi-source/openmpi-4.1.4/ompi/mca/io/romio321/romio/confdb/missing autoconf'
AUTOHEADER='${SHELL} /home/isislab/open-mpi-source/openmpi-4.1.4/ompi/mca/io/romio321/romio/confdb/missing autoheader'
AUTOMAKE='${SHELL} /home/isislab/open-mpi-source/openmpi-4.1.4/ompi/mca/io/romio321/romio/confdb/missing automake-1.15'
AWK='gawk'
BITS='0'
BUILD_AD_BG_FALSE=''
BUILD_AD_BG_TRUE='#'
BUILD_AD_GPFS_FALSE=''
BUILD_AD_GPFS_TRUE='#'
BUILD_AD_GRIDFTP_FALSE=''
BUILD_AD_GRIDFTP_TRUE='#'
BUILD_AD_HFS_FALSE=''
BUILD_AD_HFS_TRUE='#'
BUILD_AD_LUSTRE_FALSE=''
BUILD_AD_LUSTRE_TRUE='#'
BUILD_AD_NFS_FALSE='#'
BUILD_AD_NFS_TRUE=''
BUILD_AD_PANFS_FALSE=''
BUILD_AD_PANFS_TRUE='#'
BUILD_AD_PE_FALSE=''
BUILD_AD_PE_TRUE='#'
BUILD_AD_PFS_FALSE=''
BUILD_AD_PFS_TRUE='#'
BUILD_AD_PIOFS_FALSE=''
BUILD_AD_PIOFS_TRUE='#'
BUILD_AD_PVFS2_FALSE=''
BUILD_AD_PVFS2_TRUE='#'
BUILD_AD_PVFS_FALSE=''
BUILD_AD_PVFS_TRUE='#'
BUILD_AD_SFS_FALSE=''
BUILD_AD_SFS_TRUE='#'
BUILD_AD_TESTFS_FALSE='#'
BUILD_AD_TESTFS_TRUE=''
BUILD_AD_UFS_FALSE='#'
BUILD_AD_UFS_TRUE=''
BUILD_AD_XFS_FALSE=''
BUILD_AD_XFS_TRUE='#'
BUILD_AD_ZOIDFS_FALSE=''
BUILD_AD_ZOIDFS_TRUE='#'
BUILD_COVERAGE_FALSE=''
BUILD_COVERAGE_TRUE='#'
BUILD_F77_BINDINGS_FALSE=''
BUILD_F77_BINDINGS_TRUE='#'
BUILD_F77_TESTS_FALSE=''
BUILD_F77_TESTS_TRUE='#'
BUILD_GPFS_FALSE=''
BUILD_GPFS_TRUE='#'
BUILD_GRIDFTP_FALSE=''
BUILD_GRIDFTP_TRUE='#'
BUILD_HFS_FALSE=''
BUILD_HFS_TRUE='#'
BUILD_LUSTRE_FALSE=''
BUILD_LUSTRE_TRUE='#'
BUILD_MPIO_ERRHAN_FALSE=''
BUILD_MPIO_ERRHAN_TRUE='#'
BUILD_MPIO_REQUEST_FALSE=''
BUILD_MPIO_REQUEST_TRUE='#'
BUILD_MPI_ARRAY=''
BUILD_MPI_INFO=''
BUILD_NFS_FALSE='#'
BUILD_NFS_TRUE=''
BUILD_NTFS_FALSE=''
BUILD_NTFS_TRUE='#'
BUILD_PANFS_FALSE=''
BUILD_PANFS_OPEN6_FALSE=''
BUILD_PANFS_OPEN6_TRUE='#'
BUILD_PANFS_TRUE='#'
BUILD_PFS_FALSE=''
BUILD_PFS_TRUE='#'
BUILD_PIOFS_FALSE=''
BUILD_PIOFS_TRUE='#'
BUILD_PROFILING_LIB_FALSE=''
BUILD_PROFILING_LIB_TRUE='#'
BUILD_PVFS2_FALSE=''
BUILD_PVFS2_TRUE='#'
BUILD_PVFS_FALSE=''
BUILD_PVFS_TRUE='#'
BUILD_ROMIO_EMBEDDED_FALSE='#'
BUILD_ROMIO_EMBEDDED_TRUE=''
BUILD_SFS_FALSE=''
BUILD_SFS_TRUE='#'
BUILD_TESTFS_FALSE='#'
BUILD_TESTFS_TRUE=''
BUILD_UFS_FALSE='#'
BUILD_UFS_TRUE=''
BUILD_XFS_FALSE=''
BUILD_XFS_TRUE='#'
BUILD_ZOIDFS_FALSE=''
BUILD_ZOIDFS_TRUE='#'
CC='gcc'
CCDEPMODE='depmode=gcc3'
CFLAGS='-O3 -DNDEBUG -finline-functions -fno-strict-aliasing -mcx16 -pthread -D__EXTENSIONS__ -DHAVE_ROMIOCONF_H  -I$(top_builddir)/include'
CPP='gcc -E'
CPPFLAGS='    -I/usr/local/include -I/usr/local/include'
CYGPATH_W='echo'
DEFINE_HAVE_MPI_GREQUEST='#define HAVE_MPI_GREQUEST 1'
DEFINE_HAVE_MPI_GREQUEST_EXTENSIONS='#undef HAVE_MPI_GREQUEST_EXTENSIONS'
DEFINE_MPI_OFFSET='typedef long long MPI_Offset;'
DEFS='-DHAVE_CONFIG_H'
DEPDIR='.deps'
DLLTOOL='false'
DOCTEXT='true'
DSYMUTIL=''
DUMPBIN=''
ECHO_C=''
ECHO_N='-n'
ECHO_T=''
EGREP='/usr/bin/grep -E'
EXEEXT=''
EXTRA_SRC_DIRS=''
F77=':'
F77GETARG='call getarg(i,str)'
F77IARGC='iargc()'
F77MPIOINC=''
FC=''
FCFLAGS=''
FFLAGS=''
FGREP='/usr/bin/grep -F'
FILE_SYSTEM='testfs ufs nfs'
FILE_SYS_DIRS=' adio/ad_testfs adio/ad_ufs adio/ad_nfs'
FORTRAN_MPI_OFFSET='integer*8'
FORTRAN_TEST=''
FROM_LAM='no'
FROM_MPICH='no'
FROM_OMPI='yes'
FTESTDEFINE=''
GCOV='gcov'
GREP='/usr/bin/grep'
HAVE_MPI_DARRAY_SUBARRAY='#define HAVE_MPI_DARRAY_SUBARRAY'
HAVE_MPI_INFO='#define HAVE_MPI_INFO'
HAVE_WEAK_SYMBOLS='0'
INSTALL_DATA='${INSTALL} -m 644'
INSTALL_PROGRAM='${INSTALL}'
INSTALL_SCRIPT='${INSTALL}'
INSTALL_STRIP_PROGRAM='$(install_sh) -c -s'
LD='/usr/bin/ld -m elf_x86_64'
LDFLAGS='   '
LIBNAME='/home/isislab/open-mpi-source/openmpi-4.1.4/ompi/mca/io/romio321/romio/lib/libmpio.a'
LIBOBJS=''
LIBS=''
LIBTOOL='$(SHELL) $(top_builddir)/libtool'
LIPO=''
LL='lld'
LN_S='ln -s'
LTLIBOBJS=''
LT_SYS_LIBRARY_PATH=''
MAINT=''
MAINTAINER_MODE_FALSE='#'
MAINTAINER_MODE_TRUE=''
MAKE='make'
MAKEINFO='${SHELL} /home/isislab/open-mpi-source/openmpi-4.1.4/ompi/mca/io/romio321/romio/confdb/missing makeinfo'
MANIFEST_TOOL=':'
MIPS='0'
MKDIR_P='/usr/bin/mkdir -p'
MPIO_EXTRA_OBJECTS='get_errh.o set_errh.o'
MPIO_EXTRA_REAL_POBJECTS='_get_errh.o _set_errh.o'
MPIO_EXTRA_TMP_POBJECTS='get_errh.p set_errh.p'
MPIO_GLUE_DEFAULT_FALSE=''
MPIO_GLUE_DEFAULT_TRUE='#'
MPIO_GLUE_MPICH_FALSE=''
MPIO_GLUE_MPICH_TRUE='#'
MPIO_GLUE_OPENMPI_FALSE='#'
MPIO_GLUE_OPENMPI_TRUE=''
MPIRUN='mpirun'
MPI_FARRAY1=''
MPI_FARRAY2=''
MPI_FARRAY3=''
MPI_FARRAY4=''
MPI_FARRAY5=''
MPI_FARRAY6=''
MPI_FARRAY7=''
MPI_FINFO1='!'
MPI_FINFO2='!'
MPI_FINFO3='!'
MPI_FINFO4='!'
MPI_H_INCLUDE=''
MPI_INCLUDE_DIR='.'
MPI_LIB=''
MPI_OFFSET_KIND1='!'
MPI_OFFSET_KIND2='!'
MPI_OFFSET_TYPE='long long'
NEEDS_MPI_FINT=''
NM='/usr/bin/nm -B'
NMEDIT=''
NOF77='1'
NOPROFILE='1'
OBJDUMP='objdump'
OBJEXT='o'
OMPI_TOP_BUILDDIR='$(top_builddir)/../../../../..'
OMPI_TOP_SRCDIR='$(top_srcdir)/../../../../..'
OTOOL64=''
OTOOL=''
PACKAGE='romio'
PACKAGE_BUGREPORT='discuss@mpich.org'
PACKAGE_NAME='ROMIO'
PACKAGE_STRING='ROMIO Open MPI'
PACKAGE_TARNAME='romio'
PACKAGE_URL='http://www.mpich.org/'
PACKAGE_VERSION='Open MPI'
PATH_SEPARATOR=':'
PVFS2_CONFIG='notfound'
RANLIB='ranlib'
ROMIO_HOME='/home/isislab/open-mpi-source/openmpi-4.1.4/ompi/mca/io/romio321/romio'
ROMIO_INCLUDE=''
ROMIO_LFLAGS=''
ROMIO_TCFLAGS=''
ROMIO_TCPPFLAGS=''
ROMIO_TFFLAGS=''
SED='/usr/bin/sed'
SET_CFLAGS='CFLAGS='
SET_MAKE='MAKE=make'
SHELL='/bin/bash'
STRIP='strip'
SYSDEP_INC=''
TEST_CC='mpicc'
TEST_F77='mpifort'
TEST_LIBNAME=''
USER_CFLAGS=''
USER_FFLAGS=''
VERSION='Open MPI'
VPATH='VPATH=.:${srcdir}'
WITHIN_KNOWN_MPI_IMPL='yes'
ac_ct_AR='ar'
ac_ct_CC=''
ac_ct_DUMPBIN=''
ac_ct_F77=''
ac_ct_FC=''
am__EXEEXT_FALSE=''
am__EXEEXT_TRUE='#'
am__fastdepCC_FALSE='#'
am__fastdepCC_TRUE=''
am__include='include'
am__isrc=''
am__leading_dot='.'
am__nodep='_no'
am__quote=''
am__tar='$${TAR-tar} chof - "$$tardir"'
am__untar='$${TAR-tar} xf -'
arch_IRIX=''
bindir='${exec_prefix}/bin'
build='x86_64-pc-linux-gnu'
build_alias=''
build_cpu='x86_64'
build_os='linux-gnu'
build_vendor='pc'
datadir='${datarootdir}'
datarootdir='${prefix}/share'
docdir='${datarootdir}/doc/${PACKAGE_TARNAME}'
dvidir='${docdir}'
exec_prefix='${prefix}'
host='x86_64-pc-linux-gnu'
host_alias=''
host_cpu='x86_64'
host_os='linux-gnu'
host_vendor='pc'
htmldir='${docdir}'
includedir='${prefix}/include'
infodir='${datarootdir}/info'
install_sh='${SHELL} /home/isislab/open-mpi-source/openmpi-4.1.4/ompi/mca/io/romio321/romio/confdb/install-sh'
libdir='${exec_prefix}/lib'
libexecdir='${exec_prefix}/libexec'
localedir='${datarootdir}/locale'
localstatedir='${prefix}/var'
mandir='${datarootdir}/man'
master_top_builddir='/home/isislab/open-mpi-source/openmpi-4.1.4/ompi/mca/io/romio321/romio'
master_top_srcdir=''
master_topbuild_dir='/home/isislab/open-mpi-source/openmpi-4.1.4/ompi/mca/io/romio321/romio'
mkdir_p='$(MKDIR_P)'
oldincludedir='/usr/include'
pdfdir='${docdir}'
prefix='/home/isislab/opt/openmpi'
program_transform_name='s,x,x,'
psdir='${docdir}'
sbindir='${exec_prefix}/sbin'
sharedstatedir='${prefix}/com'
srcdir='/home/isislab/open-mpi-source/openmpi-4.1.4/ompi/mca/io/romio321/romio'
sysconfdir='${prefix}/etc'
target_alias=''
top_build_dir='/home/isislab/open-mpi-source/openmpi-4.1.4/ompi/mca/io/romio321/romio'

## ----------- ##
## confdefs.h. ##
## ----------- ##

/* confdefs.h */
#define PACKAGE_NAME "ROMIO"
#define PACKAGE_TARNAME "romio"
#define PACKAGE_VERSION "Open MPI"
#define PACKAGE_STRING "ROMIO Open MPI"
#define PACKAGE_BUGREPORT "discuss@mpich.org"
#define PACKAGE_URL "http://www.mpich.org/"
#define PACKAGE "romio"
#define VERSION "Open MPI"
#define STDC_HEADERS 1
#define HAVE_SYS_TYPES_H 1
#define HAVE_SYS_STAT_H 1
#define HAVE_STDLIB_H 1
#define HAVE_STRING_H 1
#define HAVE_MEMORY_H 1
#define HAVE_STRINGS_H 1
#define HAVE_INTTYPES_H 1
#define HAVE_STDINT_H 1
#define HAVE_UNISTD_H 1
#define HAVE_DLFCN_H 1
#define LT_OBJDIR ".libs/"
#define HAVE_MPI_OFFSET 1
#define SIZEOF_LONG_LONG 8
#define HAVE_MEMALIGN 1
#define HAVE_UNISTD_H 1
#define HAVE_FCNTL_H 1
#define HAVE_MALLOC_H 1
#define HAVE_STDDEF_H 1
#define HAVE_SYS_TYPES_H 1
#define HAVE_LIMITS_H 1
#define HAVE_TIME_H 1
#define SIZEOF_INT 4
#define SIZEOF_VOID_P 8
#define INT_LT_POINTER 1
#define HAVE_INT_LT_POINTER 1
#define SIZEOF_LONG_LONG 8
#define HAVE_LONG_LONG_64 1
#define HAVE_MPI_LONG_LONG_INT 1
#define HAVE_MPI_INFO 1
#define ROMIO_NFS 1
#define ROMIO_UFS 1
#define ROMIO_TESTFS 1
#define ROMIO_RUN_ON_LINUX 1
#define HAVE_SYS_VFS_H 1
#define HAVE_SYS_PARAM_H 1
#define HAVE_SYS_MOUNT_H 1
#define HAVE_SYS_STATVFS_H 1
#define HAVE_STATFS 1
#define HAVE_STRUCT_STATFS 1
#define HAVE_SYS_STAT_H 1
#define HAVE_SYS_TYPES_H 1
#define HAVE_UNISTD_H 1
#define HAVE_STAT 1
#define HAVE_STAT 1
#define HAVE_SYS_TYPES_H 1
#define HAVE_SYS_STATVFS_H 1
#define HAVE_SYS_VFS_H 1
#define HAVE_STATVFS 1
#define HAVE_STATVFS 1
#define HAVE_DECL_PWRITE 1
#define HAVE_STRERROR 1
#define HAVE_STATUS_SET_BYTES 1
#define HAVE_MPI_DARRAY_SUBARRAY 1
#define MPIO_BUILD_PROFILING 1
#define HAVE_DECL_MPI_COMBINER_HINDEXED_BLOCK 1
#define HAVE_MPIIO_CONST 1
#define HAVE_STRDUP 1
#define HAVE_SNPRINTF 1
#define HAVE_LSTAT 1
#define HAVE_READLINK 1
#define HAVE_FSYNC 1
#define HAVE_FTRUNCATE 1
#define HAVE_LSEEK64 1
#define NEEDS_LSEEK64_DECL 1
#define HAVE_USLEEP 1
#define restrict __restrict
#define HAVE_GCC_ATTRIBUTE 1

configure: exit 0
